running develop
running egg_info
creating vive_tracker_ros2.egg-info
writing vive_tracker_ros2.egg-info/PKG-INFO
writing dependency_links to vive_tracker_ros2.egg-info/dependency_links.txt
writing entry points to vive_tracker_ros2.egg-info/entry_points.txt
writing requirements to vive_tracker_ros2.egg-info/requires.txt
writing top-level names to vive_tracker_ros2.egg-info/top_level.txt
writing manifest file 'vive_tracker_ros2.egg-info/SOURCES.txt'
reading manifest file 'vive_tracker_ros2.egg-info/SOURCES.txt'
writing manifest file 'vive_tracker_ros2.egg-info/SOURCES.txt'
running build_ext
Creating /home/eunseop/nrs_act/behavior_ws/install/vive_tracker_ros2/lib/python3.10/site-packages/vive-tracker-ros2.egg-link (link to .)
Installing robot_controller script to /home/eunseop/nrs_act/behavior_ws/install/vive_tracker_ros2/lib/vive_tracker_ros2
Installing test_calibration script to /home/eunseop/nrs_act/behavior_ws/install/vive_tracker_ros2/lib/vive_tracker_ros2
Installing vive_tracker script to /home/eunseop/nrs_act/behavior_ws/install/vive_tracker_ros2/lib/vive_tracker_ros2
Installing vive_tracker_node script to /home/eunseop/nrs_act/behavior_ws/install/vive_tracker_ros2/lib/vive_tracker_ros2
Installing vr_diagnostic_tool script to /home/eunseop/nrs_act/behavior_ws/install/vive_tracker_ros2/lib/vive_tracker_ros2

Installed /home/eunseop/nrs_act/behavior_ws/build/vive_tracker_ros2
running symlink_data
creating /home/eunseop/nrs_act/behavior_ws/install/vive_tracker_ros2/share/ament_index
creating /home/eunseop/nrs_act/behavior_ws/install/vive_tracker_ros2/share/ament_index/resource_index
creating /home/eunseop/nrs_act/behavior_ws/install/vive_tracker_ros2/share/ament_index/resource_index/packages
symbolically linking /home/eunseop/nrs_act/behavior_ws/build/vive_tracker_ros2/resource/vive_tracker_ros2 -> /home/eunseop/nrs_act/behavior_ws/install/vive_tracker_ros2/share/ament_index/resource_index/packages
symbolically linking /home/eunseop/nrs_act/behavior_ws/build/vive_tracker_ros2/package.xml -> /home/eunseop/nrs_act/behavior_ws/install/vive_tracker_ros2/share/vive_tracker_ros2
creating /home/eunseop/nrs_act/behavior_ws/install/vive_tracker_ros2/share/vive_tracker_ros2/launch
symbolically linking /home/eunseop/nrs_act/behavior_ws/build/vive_tracker_ros2/launch/vive_and_robot.launch.py -> /home/eunseop/nrs_act/behavior_ws/install/vive_tracker_ros2/share/vive_tracker_ros2/launch
symbolically linking /home/eunseop/nrs_act/behavior_ws/build/vive_tracker_ros2/launch/vive_bringup.launch.py -> /home/eunseop/nrs_act/behavior_ws/install/vive_tracker_ros2/share/vive_tracker_ros2/launch
symbolically linking /home/eunseop/nrs_act/behavior_ws/build/vive_tracker_ros2/launch/vive_multi_tracker.launch.py -> /home/eunseop/nrs_act/behavior_ws/install/vive_tracker_ros2/share/vive_tracker_ros2/launch
creating /home/eunseop/nrs_act/behavior_ws/install/vive_tracker_ros2/share/vive_tracker_ros2/yaml
symbolically linking /home/eunseop/nrs_act/behavior_ws/build/vive_tracker_ros2/yaml/calibration_matrix.yaml -> /home/eunseop/nrs_act/behavior_ws/install/vive_tracker_ros2/share/vive_tracker_ros2/yaml
creating /home/eunseop/nrs_act/behavior_ws/install/vive_tracker_ros2/share/vive_tracker_ros2/config
symbolically linking /home/eunseop/nrs_act/behavior_ws/build/vive_tracker_ros2/config/calibration_matrix.json -> /home/eunseop/nrs_act/behavior_ws/install/vive_tracker_ros2/share/vive_tracker_ros2/config
symbolically linking /home/eunseop/nrs_act/behavior_ws/build/vive_tracker_ros2/config/calibration_matrix_temp.json -> /home/eunseop/nrs_act/behavior_ws/install/vive_tracker_ros2/share/vive_tracker_ros2/config
creating /home/eunseop/nrs_act/behavior_ws/install/vive_tracker_ros2/share/vive_tracker_ros2/rviz
