[0.299s] Invoking command in '/home/eunseop/nrs_act/behavior_ws/build/vive_tracker_ros2': AMENT_PREFIX_PATH=/home/eunseop/nrs_act/behavior_ws/install/vive_tracker_interfaces:${AMENT_PREFIX_PATH} CMAKE_PREFIX_PATH=/home/eunseop/nrs_act/behavior_ws/install/vive_tracker_interfaces:/home/eunseop/dualarm_ws/install/manus_ros2:/home/eunseop/dualarm_ws/install/manus_ros2_msgs:/home/eunseop/dualarm_ws/install/dualarm_forcecon:/home/eunseop/dualarm_ws/install/dualarm_forcecon_interfaces:/home/eunseop/nrs_ws/install/vr_calibration:/home/eunseop/nrs_ws/install/vive_tracker_interfaces:/home/eunseop/nrs_ws/install/rtde_handarm2:/home/eunseop/nrs_ws/install/nrs_waypoint:/home/eunseop/nrs_ws/install/nrs_path2:/home/eunseop/nrs_ws/install/nrs_mcp2:/home/eunseop/nrs_ws/install/nrs_ik:/home/eunseop/nrs_ws/install/nrs_gen_filter2:/home/eunseop/nrs_ws/install/nrs_ft_aq2:/home/eunseop/nrs_ws/install/nrs_forcecon2:/home/eunseop/dev_ws/install/Y2RobMotion:/home/eunseop/dev_ws/install/Y2Trajectory:/home/eunseop/dev_ws/install/Y2Kinematics:/home/eunseop/dev_ws/install/Y2FT_AQ:/home/eunseop/dev_ws/install/Y2Matrix:/home/eunseop/dev_ws/install/Y2ForceCon:/home/eunseop/dev_ws/install/Y2Filters:/home/eunseop/libtorch:/opt/cyclonedds LD_LIBRARY_PATH=/home/eunseop/nrs_act/behavior_ws/install/vive_tracker_interfaces/lib:${LD_LIBRARY_PATH} PYTHONPATH=/home/eunseop/nrs_act/behavior_ws/build/vive_tracker_ros2/prefix_override:/usr/lib/python3/dist-packages/colcon_core/task/python/colcon_distutils_commands:/home/eunseop/nrs_act/behavior_ws/install/vive_tracker_ros2/lib/python3.10/site-packages:/home/eunseop/nrs_act/behavior_ws/install/vive_tracker_interfaces/local/lib/python3.10/dist-packages:${PYTHONPATH} /usr/bin/python3 -W ignore:setup.py install is deprecated -W ignore:easy_install command is deprecated setup.py develop --editable --build-directory /home/eunseop/nrs_act/behavior_ws/build/vive_tracker_ros2/build --no-deps symlink_data
[0.416s] running develop
[0.490s] running egg_info
[0.490s] creating vive_tracker_ros2.egg-info
[0.490s] writing vive_tracker_ros2.egg-info/PKG-INFO
[0.490s] writing dependency_links to vive_tracker_ros2.egg-info/dependency_links.txt
[0.490s] writing entry points to vive_tracker_ros2.egg-info/entry_points.txt
[0.490s] writing requirements to vive_tracker_ros2.egg-info/requires.txt
[0.490s] writing top-level names to vive_tracker_ros2.egg-info/top_level.txt
[0.491s] writing manifest file 'vive_tracker_ros2.egg-info/SOURCES.txt'
[0.491s] reading manifest file 'vive_tracker_ros2.egg-info/SOURCES.txt'
[0.492s] writing manifest file 'vive_tracker_ros2.egg-info/SOURCES.txt'
[0.492s] running build_ext
[0.492s] Creating /home/eunseop/nrs_act/behavior_ws/install/vive_tracker_ros2/lib/python3.10/site-packages/vive-tracker-ros2.egg-link (link to .)
[0.493s] Installing robot_controller script to /home/eunseop/nrs_act/behavior_ws/install/vive_tracker_ros2/lib/vive_tracker_ros2
[0.493s] Installing test_calibration script to /home/eunseop/nrs_act/behavior_ws/install/vive_tracker_ros2/lib/vive_tracker_ros2
[0.493s] Installing vive_tracker script to /home/eunseop/nrs_act/behavior_ws/install/vive_tracker_ros2/lib/vive_tracker_ros2
[0.493s] Installing vive_tracker_node script to /home/eunseop/nrs_act/behavior_ws/install/vive_tracker_ros2/lib/vive_tracker_ros2
[0.493s] Installing vr_diagnostic_tool script to /home/eunseop/nrs_act/behavior_ws/install/vive_tracker_ros2/lib/vive_tracker_ros2
[0.493s] 
[0.493s] Installed /home/eunseop/nrs_act/behavior_ws/build/vive_tracker_ros2
[0.493s] running symlink_data
[0.493s] creating /home/eunseop/nrs_act/behavior_ws/install/vive_tracker_ros2/share/ament_index
[0.493s] creating /home/eunseop/nrs_act/behavior_ws/install/vive_tracker_ros2/share/ament_index/resource_index
[0.493s] creating /home/eunseop/nrs_act/behavior_ws/install/vive_tracker_ros2/share/ament_index/resource_index/packages
[0.493s] symbolically linking /home/eunseop/nrs_act/behavior_ws/build/vive_tracker_ros2/resource/vive_tracker_ros2 -> /home/eunseop/nrs_act/behavior_ws/install/vive_tracker_ros2/share/ament_index/resource_index/packages
[0.493s] symbolically linking /home/eunseop/nrs_act/behavior_ws/build/vive_tracker_ros2/package.xml -> /home/eunseop/nrs_act/behavior_ws/install/vive_tracker_ros2/share/vive_tracker_ros2
[0.493s] creating /home/eunseop/nrs_act/behavior_ws/install/vive_tracker_ros2/share/vive_tracker_ros2/launch
[0.493s] symbolically linking /home/eunseop/nrs_act/behavior_ws/build/vive_tracker_ros2/launch/vive_and_robot.launch.py -> /home/eunseop/nrs_act/behavior_ws/install/vive_tracker_ros2/share/vive_tracker_ros2/launch
[0.493s] symbolically linking /home/eunseop/nrs_act/behavior_ws/build/vive_tracker_ros2/launch/vive_bringup.launch.py -> /home/eunseop/nrs_act/behavior_ws/install/vive_tracker_ros2/share/vive_tracker_ros2/launch
[0.493s] symbolically linking /home/eunseop/nrs_act/behavior_ws/build/vive_tracker_ros2/launch/vive_multi_tracker.launch.py -> /home/eunseop/nrs_act/behavior_ws/install/vive_tracker_ros2/share/vive_tracker_ros2/launch
[0.493s] creating /home/eunseop/nrs_act/behavior_ws/install/vive_tracker_ros2/share/vive_tracker_ros2/yaml
[0.493s] symbolically linking /home/eunseop/nrs_act/behavior_ws/build/vive_tracker_ros2/yaml/calibration_matrix.yaml -> /home/eunseop/nrs_act/behavior_ws/install/vive_tracker_ros2/share/vive_tracker_ros2/yaml
[0.493s] creating /home/eunseop/nrs_act/behavior_ws/install/vive_tracker_ros2/share/vive_tracker_ros2/config
[0.493s] symbolically linking /home/eunseop/nrs_act/behavior_ws/build/vive_tracker_ros2/config/calibration_matrix.json -> /home/eunseop/nrs_act/behavior_ws/install/vive_tracker_ros2/share/vive_tracker_ros2/config
[0.493s] symbolically linking /home/eunseop/nrs_act/behavior_ws/build/vive_tracker_ros2/config/calibration_matrix_temp.json -> /home/eunseop/nrs_act/behavior_ws/install/vive_tracker_ros2/share/vive_tracker_ros2/config
[0.493s] creating /home/eunseop/nrs_act/behavior_ws/install/vive_tracker_ros2/share/vive_tracker_ros2/rviz
[0.508s] Invoked command in '/home/eunseop/nrs_act/behavior_ws/build/vive_tracker_ros2' returned '0': AMENT_PREFIX_PATH=/home/eunseop/nrs_act/behavior_ws/install/vive_tracker_interfaces:${AMENT_PREFIX_PATH} CMAKE_PREFIX_PATH=/home/eunseop/nrs_act/behavior_ws/install/vive_tracker_interfaces:/home/eunseop/dualarm_ws/install/manus_ros2:/home/eunseop/dualarm_ws/install/manus_ros2_msgs:/home/eunseop/dualarm_ws/install/dualarm_forcecon:/home/eunseop/dualarm_ws/install/dualarm_forcecon_interfaces:/home/eunseop/nrs_ws/install/vr_calibration:/home/eunseop/nrs_ws/install/vive_tracker_interfaces:/home/eunseop/nrs_ws/install/rtde_handarm2:/home/eunseop/nrs_ws/install/nrs_waypoint:/home/eunseop/nrs_ws/install/nrs_path2:/home/eunseop/nrs_ws/install/nrs_mcp2:/home/eunseop/nrs_ws/install/nrs_ik:/home/eunseop/nrs_ws/install/nrs_gen_filter2:/home/eunseop/nrs_ws/install/nrs_ft_aq2:/home/eunseop/nrs_ws/install/nrs_forcecon2:/home/eunseop/dev_ws/install/Y2RobMotion:/home/eunseop/dev_ws/install/Y2Trajectory:/home/eunseop/dev_ws/install/Y2Kinematics:/home/eunseop/dev_ws/install/Y2FT_AQ:/home/eunseop/dev_ws/install/Y2Matrix:/home/eunseop/dev_ws/install/Y2ForceCon:/home/eunseop/dev_ws/install/Y2Filters:/home/eunseop/libtorch:/opt/cyclonedds LD_LIBRARY_PATH=/home/eunseop/nrs_act/behavior_ws/install/vive_tracker_interfaces/lib:${LD_LIBRARY_PATH} PYTHONPATH=/home/eunseop/nrs_act/behavior_ws/build/vive_tracker_ros2/prefix_override:/usr/lib/python3/dist-packages/colcon_core/task/python/colcon_distutils_commands:/home/eunseop/nrs_act/behavior_ws/install/vive_tracker_ros2/lib/python3.10/site-packages:/home/eunseop/nrs_act/behavior_ws/install/vive_tracker_interfaces/local/lib/python3.10/dist-packages:${PYTHONPATH} /usr/bin/python3 -W ignore:setup.py install is deprecated -W ignore:easy_install command is deprecated setup.py develop --editable --build-directory /home/eunseop/nrs_act/behavior_ws/build/vive_tracker_ros2/build --no-deps symlink_data
