[0.278s] Invoking command in '/home/eunseop/nrs_act/behavior_ws/build/vive_tracker_ros2': AMENT_PREFIX_PATH=/home/eunseop/nrs_act/behavior_ws/install/vive_tracker_interfaces:${AMENT_PREFIX_PATH} CMAKE_PREFIX_PATH=/home/eunseop/nrs_act/behavior_ws/install/vive_tracker_interfaces:/home/eunseop/dualarm_ws/install/manus_ros2:/home/eunseop/dualarm_ws/install/manus_ros2_msgs:/home/eunseop/dualarm_ws/install/dualarm_forcecon:/home/eunseop/dualarm_ws/install/dualarm_forcecon_interfaces:/home/eunseop/nrs_ws/install/vr_calibration:/home/eunseop/nrs_ws/install/vive_tracker_interfaces:/home/eunseop/nrs_ws/install/rtde_handarm2:/home/eunseop/nrs_ws/install/nrs_waypoint:/home/eunseop/nrs_ws/install/nrs_path2:/home/eunseop/nrs_ws/install/nrs_mcp2:/home/eunseop/nrs_ws/install/nrs_ik:/home/eunseop/nrs_ws/install/nrs_gen_filter2:/home/eunseop/nrs_ws/install/nrs_ft_aq2:/home/eunseop/nrs_ws/install/nrs_forcecon2:/home/eunseop/dev_ws/install/Y2RobMotion:/home/eunseop/dev_ws/install/Y2Trajectory:/home/eunseop/dev_ws/install/Y2Kinematics:/home/eunseop/dev_ws/install/Y2FT_AQ:/home/eunseop/dev_ws/install/Y2Matrix:/home/eunseop/dev_ws/install/Y2ForceCon:/home/eunseop/dev_ws/install/Y2Filters:/home/eunseop/libtorch:/opt/cyclonedds LD_LIBRARY_PATH=/home/eunseop/nrs_act/behavior_ws/install/vive_tracker_interfaces/lib:${LD_LIBRARY_PATH} PYTHONPATH=/home/eunseop/nrs_act/behavior_ws/build/vive_tracker_ros2/prefix_override:/usr/lib/python3/dist-packages/colcon_core/task/python/colcon_distutils_commands:/home/eunseop/nrs_act/behavior_ws/install/vive_tracker_ros2/lib/python3.10/site-packages:/home/eunseop/nrs_act/behavior_ws/install/vive_tracker_interfaces/local/lib/python3.10/dist-packages:${PYTHONPATH} /usr/bin/python3 -W ignore:setup.py install is deprecated -W ignore:easy_install command is deprecated setup.py develop --editable --build-directory /home/eunseop/nrs_act/behavior_ws/build/vive_tracker_ros2/build --no-deps symlink_data
[0.392s] running develop
[0.462s] running egg_info
[0.462s] writing vive_tracker_ros2.egg-info/PKG-INFO
[0.462s] writing dependency_links to vive_tracker_ros2.egg-info/dependency_links.txt
[0.463s] writing entry points to vive_tracker_ros2.egg-info/entry_points.txt
[0.463s] writing requirements to vive_tracker_ros2.egg-info/requires.txt
[0.463s] writing top-level names to vive_tracker_ros2.egg-info/top_level.txt
[0.463s] reading manifest file 'vive_tracker_ros2.egg-info/SOURCES.txt'
[0.464s] writing manifest file 'vive_tracker_ros2.egg-info/SOURCES.txt'
[0.464s] running build_ext
[0.464s] Creating /home/eunseop/nrs_act/behavior_ws/install/vive_tracker_ros2/lib/python3.10/site-packages/vive-tracker-ros2.egg-link (link to .)
[0.465s] Installing robot_controller script to /home/eunseop/nrs_act/behavior_ws/install/vive_tracker_ros2/lib/vive_tracker_ros2
[0.465s] Installing test_calibration script to /home/eunseop/nrs_act/behavior_ws/install/vive_tracker_ros2/lib/vive_tracker_ros2
[0.465s] Installing vive_tracker script to /home/eunseop/nrs_act/behavior_ws/install/vive_tracker_ros2/lib/vive_tracker_ros2
[0.465s] Installing vive_tracker_node script to /home/eunseop/nrs_act/behavior_ws/install/vive_tracker_ros2/lib/vive_tracker_ros2
[0.465s] Installing vr_diagnostic_tool script to /home/eunseop/nrs_act/behavior_ws/install/vive_tracker_ros2/lib/vive_tracker_ros2
[0.465s] 
[0.465s] Installed /home/eunseop/nrs_act/behavior_ws/build/vive_tracker_ros2
[0.465s] running symlink_data
[0.478s] Invoked command in '/home/eunseop/nrs_act/behavior_ws/build/vive_tracker_ros2' returned '0': AMENT_PREFIX_PATH=/home/eunseop/nrs_act/behavior_ws/install/vive_tracker_interfaces:${AMENT_PREFIX_PATH} CMAKE_PREFIX_PATH=/home/eunseop/nrs_act/behavior_ws/install/vive_tracker_interfaces:/home/eunseop/dualarm_ws/install/manus_ros2:/home/eunseop/dualarm_ws/install/manus_ros2_msgs:/home/eunseop/dualarm_ws/install/dualarm_forcecon:/home/eunseop/dualarm_ws/install/dualarm_forcecon_interfaces:/home/eunseop/nrs_ws/install/vr_calibration:/home/eunseop/nrs_ws/install/vive_tracker_interfaces:/home/eunseop/nrs_ws/install/rtde_handarm2:/home/eunseop/nrs_ws/install/nrs_waypoint:/home/eunseop/nrs_ws/install/nrs_path2:/home/eunseop/nrs_ws/install/nrs_mcp2:/home/eunseop/nrs_ws/install/nrs_ik:/home/eunseop/nrs_ws/install/nrs_gen_filter2:/home/eunseop/nrs_ws/install/nrs_ft_aq2:/home/eunseop/nrs_ws/install/nrs_forcecon2:/home/eunseop/dev_ws/install/Y2RobMotion:/home/eunseop/dev_ws/install/Y2Trajectory:/home/eunseop/dev_ws/install/Y2Kinematics:/home/eunseop/dev_ws/install/Y2FT_AQ:/home/eunseop/dev_ws/install/Y2Matrix:/home/eunseop/dev_ws/install/Y2ForceCon:/home/eunseop/dev_ws/install/Y2Filters:/home/eunseop/libtorch:/opt/cyclonedds LD_LIBRARY_PATH=/home/eunseop/nrs_act/behavior_ws/install/vive_tracker_interfaces/lib:${LD_LIBRARY_PATH} PYTHONPATH=/home/eunseop/nrs_act/behavior_ws/build/vive_tracker_ros2/prefix_override:/usr/lib/python3/dist-packages/colcon_core/task/python/colcon_distutils_commands:/home/eunseop/nrs_act/behavior_ws/install/vive_tracker_ros2/lib/python3.10/site-packages:/home/eunseop/nrs_act/behavior_ws/install/vive_tracker_interfaces/local/lib/python3.10/dist-packages:${PYTHONPATH} /usr/bin/python3 -W ignore:setup.py install is deprecated -W ignore:easy_install command is deprecated setup.py develop --editable --build-directory /home/eunseop/nrs_act/behavior_ws/build/vive_tracker_ros2/build --no-deps symlink_data
