-- The C compiler identification is GNU 11.4.0
-- The CXX compiler identification is GNU 11.4.0
-- Detecting C compiler ABI info
-- Detecting C compiler ABI info - done
-- Check for working C compiler: /usr/bin/cc - skipped
-- Detecting C compile features
-- Detecting C compile features - done
-- Detecting CXX compiler ABI info
-- Detecting CXX compiler ABI info - done
-- Check for working CXX compiler: /usr/bin/c++ - skipped
-- Detecting CXX compile features
-- Detecting CXX compile features - done
-- Found ament_cmake: 1.3.13 (/opt/ros/humble/share/ament_cmake/cmake)
-- Found Python3: /usr/bin/python3 (found version "3.10.12") found components: Interpreter 
-- Override CMake install command with custom implementation using symlinks instead of copying resources
-- Found rclcpp: 16.0.18 (/opt/ros/humble/share/rclcpp/cmake)
-- Found rosidl_generator_c: 3.1.8 (/opt/ros/humble/share/rosidl_generator_c/cmake)
-- Found rosidl_adapter: 3.1.8 (/opt/ros/humble/share/rosidl_adapter/cmake)
-- Found rosidl_generator_cpp: 3.1.8 (/opt/ros/humble/share/rosidl_generator_cpp/cmake)
-- Using all available rosidl_typesupport_c: rosidl_typesupport_fastrtps_c;rosidl_typesupport_introspection_c
-- Using all available rosidl_typesupport_cpp: rosidl_typesupport_fastrtps_cpp;rosidl_typesupport_introspection_cpp
-- Found rmw_implementation_cmake: 6.1.2 (/opt/ros/humble/share/rmw_implementation_cmake/cmake)
-- Found rmw_cyclonedds_cpp: 1.3.4 (/opt/ros/humble/share/rmw_cyclonedds_cpp/cmake)
-- Using RMW implementation 'rmw_cyclonedds_cpp' as default
-- Looking for pthread.h
-- Looking for pthread.h - found
-- Performing Test CMAKE_HAVE_LIBC_PTHREAD
-- Performing Test CMAKE_HAVE_LIBC_PTHREAD - Success
-- Found Threads: TRUE  
-- Found geometry_msgs: 4.9.1 (/opt/ros/humble/share/geometry_msgs/cmake)
-- Found std_srvs: 4.9.1 (/opt/ros/humble/share/std_srvs/cmake)
-- Configuring done
-- Generating done
-- Build files have been written to: /home/eunseop/nrs_act/behavior_ws/build/nrs_ft_aq2
[ 11%] [32mBuilding CXX object CMakeFiles/ft_lib.dir/src/CAN_reader.cpp.o[0m
[ 33%] [32mBuilding CXX object CMakeFiles/ft_lib.dir/src/FT_Processing.cpp.o[0m
[ 33%] [32mBuilding CXX object CMakeFiles/ft_lib.dir/src/nrs_filter_core.cpp.o[0m
[ 44%] [32mBuilding CXX object CMakeFiles/ft_lib.dir/src/nrs_filter_applied.cpp.o[0m
[ 55%] [32mBuilding CXX object CMakeFiles/can_sender_node.dir/src/CAN_sender.cpp.o[0m
[ 66%] [32m[1mLinking CXX executable can_sender_node[0m
[ 66%] Built target can_sender_node
[ 77%] [32m[1mLinking CXX static library libft_lib.a[0m
[ 77%] Built target ft_lib
[ 88%] [32mBuilding CXX object CMakeFiles/ft_aq_main_node.dir/src/node_ft_aq_main.cpp.o[0m
[100%] [32m[1mLinking CXX executable ft_aq_main_node[0m
[100%] Built target ft_aq_main_node
-- Install configuration: ""
-- Execute custom install script
-- Symlinking: /home/eunseop/nrs_act/behavior_ws/install/nrs_ft_aq2/lib/nrs_ft_aq2/libft_lib.a
-- Symlinking: /home/eunseop/nrs_act/behavior_ws/install/nrs_ft_aq2/lib/nrs_ft_aq2/can_sender_node
-- Symlinking: /home/eunseop/nrs_act/behavior_ws/install/nrs_ft_aq2/lib/nrs_ft_aq2/ft_aq_main_node
-- Symlinking: /home/eunseop/nrs_act/behavior_ws/install/nrs_ft_aq2/share/nrs_ft_aq2/launch/nrs_ft_aq.launch.py
-- Symlinking: /home/eunseop/nrs_act/behavior_ws/install/nrs_ft_aq2/share/nrs_ft_aq2/launch/nrsvr_ft_aq.launch.py
-- Symlinking: /home/eunseop/nrs_act/behavior_ws/install/nrs_ft_aq2/share/nrs_ft_aq2/config/VR_config.yaml
-- Symlinking: /home/eunseop/nrs_act/behavior_ws/install/nrs_ft_aq2/share/nrs_ft_aq2/config/config.yaml
-- Symlinking: /home/eunseop/nrs_act/behavior_ws/install/nrs_ft_aq2/share/ament_index/resource_index/package_run_dependencies/nrs_ft_aq2
-- Symlinking: /home/eunseop/nrs_act/behavior_ws/install/nrs_ft_aq2/share/ament_index/resource_index/parent_prefix_path/nrs_ft_aq2
-- Symlinking: /home/eunseop/nrs_act/behavior_ws/install/nrs_ft_aq2/share/nrs_ft_aq2/environment/ament_prefix_path.sh
-- Symlinking: /home/eunseop/nrs_act/behavior_ws/install/nrs_ft_aq2/share/nrs_ft_aq2/environment/ament_prefix_path.dsv
-- Symlinking: /home/eunseop/nrs_act/behavior_ws/install/nrs_ft_aq2/share/nrs_ft_aq2/environment/path.sh
-- Symlinking: /home/eunseop/nrs_act/behavior_ws/install/nrs_ft_aq2/share/nrs_ft_aq2/environment/path.dsv
-- Symlinking: /home/eunseop/nrs_act/behavior_ws/install/nrs_ft_aq2/share/nrs_ft_aq2/local_setup.bash
-- Symlinking: /home/eunseop/nrs_act/behavior_ws/install/nrs_ft_aq2/share/nrs_ft_aq2/local_setup.sh
-- Symlinking: /home/eunseop/nrs_act/behavior_ws/install/nrs_ft_aq2/share/nrs_ft_aq2/local_setup.zsh
-- Symlinking: /home/eunseop/nrs_act/behavior_ws/install/nrs_ft_aq2/share/nrs_ft_aq2/local_setup.dsv
-- Symlinking: /home/eunseop/nrs_act/behavior_ws/install/nrs_ft_aq2/share/nrs_ft_aq2/package.dsv
-- Symlinking: /home/eunseop/nrs_act/behavior_ws/install/nrs_ft_aq2/share/ament_index/resource_index/packages/nrs_ft_aq2
-- Symlinking: /home/eunseop/nrs_act/behavior_ws/install/nrs_ft_aq2/share/nrs_ft_aq2/cmake/nrs_ft_aq2Config.cmake
-- Symlinking: /home/eunseop/nrs_act/behavior_ws/install/nrs_ft_aq2/share/nrs_ft_aq2/cmake/nrs_ft_aq2Config-version.cmake
-- Symlinking: /home/eunseop/nrs_act/behavior_ws/install/nrs_ft_aq2/share/nrs_ft_aq2/package.xml
-- Installing: /home/eunseop/nrs_act/behavior_ws/install/nrs_ft_aq2/include/nrs_ft_aq2
-- Installing: /home/eunseop/nrs_act/behavior_ws/install/nrs_ft_aq2/include/nrs_ft_aq2/CAN_sender.hpp
-- Installing: /home/eunseop/nrs_act/behavior_ws/install/nrs_ft_aq2/include/nrs_ft_aq2/nrs_filter_applied.hpp
-- Installing: /home/eunseop/nrs_act/behavior_ws/install/nrs_ft_aq2/include/nrs_ft_aq2/nrs_filter_core.hpp
-- Installing: /home/eunseop/nrs_act/behavior_ws/install/nrs_ft_aq2/include/nrs_ft_aq2/.vscode
-- Installing: /home/eunseop/nrs_act/behavior_ws/install/nrs_ft_aq2/include/nrs_ft_aq2/FT_Processing.hpp
-- Installing: /home/eunseop/nrs_act/behavior_ws/install/nrs_ft_aq2/include/nrs_ft_aq2/CAN_reader.hpp
