[0.065s] DEBUG:colcon:Command line arguments: ['/usr/bin/colcon', 'build', '--symlink-install']
[0.065s] DEBUG:colcon:Parsed command line arguments: Namespace(log_base=None, log_level=None, verb_name='build', build_base='build', install_base='install', merge_install=False, symlink_install=True, test_result_base=None, continue_on_error=False, executor='parallel', parallel_workers=16, event_handlers=None, ignore_user_meta=False, metas=['./colcon.meta'], base_paths=['.'], packages_ignore=None, packages_ignore_regex=None, paths=None, packages_up_to=None, packages_up_to_regex=None, packages_above=None, packages_above_and_dependencies=None, packages_above_depth=None, packages_select_by_dep=None, packages_skip_by_dep=None, packages_skip_up_to=None, packages_select_build_failed=False, packages_skip_build_finished=False, packages_select_test_failures=False, packages_skip_test_passed=False, packages_select=None, packages_skip=None, packages_select_regex=None, packages_skip_regex=None, packages_start=None, packages_end=None, allow_overriding=[], cmake_args=None, cmake_target=None, cmake_target_skip_unavailable=False, cmake_clean_cache=False, cmake_clean_first=False, cmake_force_configure=False, ament_cmake_args=None, catkin_cmake_args=None, catkin_skip_building_tests=False, verb_parser=<colcon_defaults.argument_parser.defaults.DefaultArgumentsDecorator object at 0x7a8625d86470>, verb_extension=<colcon_core.verb.build.BuildVerb object at 0x7a8625d07250>, main=<bound method BuildVerb.main of <colcon_core.verb.build.BuildVerb object at 0x7a8625d07250>>)
[0.155s] Level 1:colcon.colcon_core.package_discovery:discover_packages(colcon_meta) check parameters
[0.155s] Level 1:colcon.colcon_core.package_discovery:discover_packages(recursive) check parameters
[0.155s] Level 1:colcon.colcon_core.package_discovery:discover_packages(ignore) check parameters
[0.155s] Level 1:colcon.colcon_core.package_discovery:discover_packages(path) check parameters
[0.155s] Level 1:colcon.colcon_core.package_discovery:discover_packages(colcon_meta) discover
[0.155s] Level 1:colcon.colcon_core.package_discovery:discover_packages(recursive) discover
[0.155s] INFO:colcon.colcon_core.package_discovery:Crawling recursively for packages in '/home/eunseop/nrs_act/behavior_ws'
[0.155s] Level 1:colcon.colcon_core.package_identification:_identify(.) by extensions ['ignore', 'ignore_ament_install']
[0.155s] Level 1:colcon.colcon_core.package_identification:_identify(.) by extension 'ignore'
[0.155s] Level 1:colcon.colcon_core.package_identification:_identify(.) by extension 'ignore_ament_install'
[0.156s] Level 1:colcon.colcon_core.package_identification:_identify(.) by extensions ['colcon_pkg']
[0.156s] Level 1:colcon.colcon_core.package_identification:_identify(.) by extension 'colcon_pkg'
[0.156s] Level 1:colcon.colcon_core.package_identification:_identify(.) by extensions ['colcon_meta']
[0.156s] Level 1:colcon.colcon_core.package_identification:_identify(.) by extension 'colcon_meta'
[0.156s] Level 1:colcon.colcon_core.package_identification:_identify(.) by extensions ['ros']
[0.156s] Level 1:colcon.colcon_core.package_identification:_identify(.) by extension 'ros'
[0.162s] Level 1:colcon.colcon_core.package_identification:_identify(.) by extensions ['cmake', 'python']
[0.162s] Level 1:colcon.colcon_core.package_identification:_identify(.) by extension 'cmake'
[0.162s] Level 1:colcon.colcon_core.package_identification:_identify(.) by extension 'python'
[0.162s] Level 1:colcon.colcon_core.package_identification:_identify(.) by extensions ['python_setup_py']
[0.162s] Level 1:colcon.colcon_core.package_identification:_identify(.) by extension 'python_setup_py'
[0.162s] Level 1:colcon.colcon_core.package_identification:_identify(build) by extensions ['ignore', 'ignore_ament_install']
[0.162s] Level 1:colcon.colcon_core.package_identification:_identify(build) by extension 'ignore'
[0.162s] Level 1:colcon.colcon_core.package_identification:_identify(build) ignored
[0.162s] Level 1:colcon.colcon_core.package_identification:_identify(install) by extensions ['ignore', 'ignore_ament_install']
[0.162s] Level 1:colcon.colcon_core.package_identification:_identify(install) by extension 'ignore'
[0.162s] Level 1:colcon.colcon_core.package_identification:_identify(install) ignored
[0.162s] Level 1:colcon.colcon_core.package_identification:_identify(log) by extensions ['ignore', 'ignore_ament_install']
[0.162s] Level 1:colcon.colcon_core.package_identification:_identify(log) by extension 'ignore'
[0.162s] Level 1:colcon.colcon_core.package_identification:_identify(log) ignored
[0.162s] Level 1:colcon.colcon_core.package_identification:_identify(src) by extensions ['ignore', 'ignore_ament_install']
[0.162s] Level 1:colcon.colcon_core.package_identification:_identify(src) by extension 'ignore'
[0.162s] Level 1:colcon.colcon_core.package_identification:_identify(src) by extension 'ignore_ament_install'
[0.162s] Level 1:colcon.colcon_core.package_identification:_identify(src) by extensions ['colcon_pkg']
[0.162s] Level 1:colcon.colcon_core.package_identification:_identify(src) by extension 'colcon_pkg'
[0.162s] Level 1:colcon.colcon_core.package_identification:_identify(src) by extensions ['colcon_meta']
[0.162s] Level 1:colcon.colcon_core.package_identification:_identify(src) by extension 'colcon_meta'
[0.162s] Level 1:colcon.colcon_core.package_identification:_identify(src) by extensions ['ros']
[0.162s] Level 1:colcon.colcon_core.package_identification:_identify(src) by extension 'ros'
[0.162s] Level 1:colcon.colcon_core.package_identification:_identify(src) by extensions ['cmake', 'python']
[0.162s] Level 1:colcon.colcon_core.package_identification:_identify(src) by extension 'cmake'
[0.162s] Level 1:colcon.colcon_core.package_identification:_identify(src) by extension 'python'
[0.162s] Level 1:colcon.colcon_core.package_identification:_identify(src) by extensions ['python_setup_py']
[0.162s] Level 1:colcon.colcon_core.package_identification:_identify(src) by extension 'python_setup_py'
[0.162s] Level 1:colcon.colcon_core.package_identification:_identify(src/nrs_ft_aq2) by extensions ['ignore', 'ignore_ament_install']
[0.162s] Level 1:colcon.colcon_core.package_identification:_identify(src/nrs_ft_aq2) by extension 'ignore'
[0.162s] Level 1:colcon.colcon_core.package_identification:_identify(src/nrs_ft_aq2) by extension 'ignore_ament_install'
[0.162s] Level 1:colcon.colcon_core.package_identification:_identify(src/nrs_ft_aq2) by extensions ['colcon_pkg']
[0.162s] Level 1:colcon.colcon_core.package_identification:_identify(src/nrs_ft_aq2) by extension 'colcon_pkg'
[0.162s] Level 1:colcon.colcon_core.package_identification:_identify(src/nrs_ft_aq2) by extensions ['colcon_meta']
[0.162s] Level 1:colcon.colcon_core.package_identification:_identify(src/nrs_ft_aq2) by extension 'colcon_meta'
[0.162s] Level 1:colcon.colcon_core.package_identification:_identify(src/nrs_ft_aq2) by extensions ['ros']
[0.162s] Level 1:colcon.colcon_core.package_identification:_identify(src/nrs_ft_aq2) by extension 'ros'
[0.170s] DEBUG:colcon.colcon_core.package_identification:Package 'src/nrs_ft_aq2' with type 'ros.ament_cmake' and name 'nrs_ft_aq2'
[0.170s] Level 1:colcon.colcon_core.package_identification:_identify(src/nrs_imitation) by extensions ['ignore', 'ignore_ament_install']
[0.170s] Level 1:colcon.colcon_core.package_identification:_identify(src/nrs_imitation) by extension 'ignore'
[0.170s] Level 1:colcon.colcon_core.package_identification:_identify(src/nrs_imitation) by extension 'ignore_ament_install'
[0.170s] Level 1:colcon.colcon_core.package_identification:_identify(src/nrs_imitation) by extensions ['colcon_pkg']
[0.170s] Level 1:colcon.colcon_core.package_identification:_identify(src/nrs_imitation) by extension 'colcon_pkg'
[0.170s] Level 1:colcon.colcon_core.package_identification:_identify(src/nrs_imitation) by extensions ['colcon_meta']
[0.170s] Level 1:colcon.colcon_core.package_identification:_identify(src/nrs_imitation) by extension 'colcon_meta'
[0.171s] Level 1:colcon.colcon_core.package_identification:_identify(src/nrs_imitation) by extensions ['ros']
[0.171s] Level 1:colcon.colcon_core.package_identification:_identify(src/nrs_imitation) by extension 'ros'
[0.171s] DEBUG:colcon.colcon_core.package_identification:Package 'src/nrs_imitation' with type 'ros.ament_python' and name 'nrs_imitation'
[0.171s] Level 1:colcon.colcon_core.package_identification:_identify(src/vive_tracker_interfaces) by extensions ['ignore', 'ignore_ament_install']
[0.171s] Level 1:colcon.colcon_core.package_identification:_identify(src/vive_tracker_interfaces) by extension 'ignore'
[0.171s] Level 1:colcon.colcon_core.package_identification:_identify(src/vive_tracker_interfaces) by extension 'ignore_ament_install'
[0.171s] Level 1:colcon.colcon_core.package_identification:_identify(src/vive_tracker_interfaces) by extensions ['colcon_pkg']
[0.171s] Level 1:colcon.colcon_core.package_identification:_identify(src/vive_tracker_interfaces) by extension 'colcon_pkg'
[0.171s] Level 1:colcon.colcon_core.package_identification:_identify(src/vive_tracker_interfaces) by extensions ['colcon_meta']
[0.171s] Level 1:colcon.colcon_core.package_identification:_identify(src/vive_tracker_interfaces) by extension 'colcon_meta'
[0.171s] Level 1:colcon.colcon_core.package_identification:_identify(src/vive_tracker_interfaces) by extensions ['ros']
[0.171s] Level 1:colcon.colcon_core.package_identification:_identify(src/vive_tracker_interfaces) by extension 'ros'
[0.171s] DEBUG:colcon.colcon_core.package_identification:Package 'src/vive_tracker_interfaces' with type 'ros.ament_cmake' and name 'vive_tracker_interfaces'
[0.171s] Level 1:colcon.colcon_core.package_identification:_identify(src/vive_tracker_ros2) by extensions ['ignore', 'ignore_ament_install']
[0.172s] Level 1:colcon.colcon_core.package_identification:_identify(src/vive_tracker_ros2) by extension 'ignore'
[0.172s] Level 1:colcon.colcon_core.package_identification:_identify(src/vive_tracker_ros2) by extension 'ignore_ament_install'
[0.172s] Level 1:colcon.colcon_core.package_identification:_identify(src/vive_tracker_ros2) by extensions ['colcon_pkg']
[0.172s] Level 1:colcon.colcon_core.package_identification:_identify(src/vive_tracker_ros2) by extension 'colcon_pkg'
[0.172s] Level 1:colcon.colcon_core.package_identification:_identify(src/vive_tracker_ros2) by extensions ['colcon_meta']
[0.172s] Level 1:colcon.colcon_core.package_identification:_identify(src/vive_tracker_ros2) by extension 'colcon_meta'
[0.172s] Level 1:colcon.colcon_core.package_identification:_identify(src/vive_tracker_ros2) by extensions ['ros']
[0.172s] Level 1:colcon.colcon_core.package_identification:_identify(src/vive_tracker_ros2) by extension 'ros'
[0.172s] DEBUG:colcon.colcon_core.package_identification:Package 'src/vive_tracker_ros2' with type 'ros.ament_python' and name 'vive_tracker_ros2'
[0.172s] Level 1:colcon.colcon_core.package_identification:_identify(src/vr_calibration) by extensions ['ignore', 'ignore_ament_install']
[0.172s] Level 1:colcon.colcon_core.package_identification:_identify(src/vr_calibration) by extension 'ignore'
[0.172s] Level 1:colcon.colcon_core.package_identification:_identify(src/vr_calibration) by extension 'ignore_ament_install'
[0.172s] Level 1:colcon.colcon_core.package_identification:_identify(src/vr_calibration) by extensions ['colcon_pkg']
[0.172s] Level 1:colcon.colcon_core.package_identification:_identify(src/vr_calibration) by extension 'colcon_pkg'
[0.172s] Level 1:colcon.colcon_core.package_identification:_identify(src/vr_calibration) by extensions ['colcon_meta']
[0.172s] Level 1:colcon.colcon_core.package_identification:_identify(src/vr_calibration) by extension 'colcon_meta'
[0.172s] Level 1:colcon.colcon_core.package_identification:_identify(src/vr_calibration) by extensions ['ros']
[0.172s] Level 1:colcon.colcon_core.package_identification:_identify(src/vr_calibration) by extension 'ros'
[0.173s] DEBUG:colcon.colcon_core.package_identification:Package 'src/vr_calibration' with type 'ros.ament_cmake' and name 'vr_calibration'
[0.173s] Level 1:colcon.colcon_core.package_discovery:discover_packages(recursive) using defaults
[0.173s] Level 1:colcon.colcon_core.package_discovery:discover_packages(ignore) discover
[0.173s] Level 1:colcon.colcon_core.package_discovery:discover_packages(ignore) using defaults
[0.173s] Level 1:colcon.colcon_core.package_discovery:discover_packages(path) discover
[0.173s] Level 1:colcon.colcon_core.package_discovery:discover_packages(path) using defaults
[0.184s] Level 1:colcon.colcon_core.package_discovery:discover_packages(prefix_path) check parameters
[0.184s] Level 1:colcon.colcon_core.package_discovery:discover_packages(prefix_path) discover
[0.191s] DEBUG:colcon.colcon_installed_package_information.package_discovery:Found 5 installed packages in /home/eunseop/dualarm_ws/install
[0.191s] DEBUG:colcon.colcon_installed_package_information.package_discovery:Found 7 installed packages in /home/eunseop/dev_ws/install
[0.191s] DEBUG:colcon.colcon_installed_package_information.package_discovery:Found 15 installed packages in /home/eunseop/nrs_ws/install
[0.192s] DEBUG:colcon.colcon_installed_package_information.package_discovery:Found 414 installed packages in /opt/ros/humble
[0.193s] Level 1:colcon.colcon_core.package_discovery:discover_packages(prefix_path) using defaults
[0.225s] Level 5:colcon.colcon_core.verb:set package 'nrs_ft_aq2' build argument 'cmake_args' from command line to 'None'
[0.225s] Level 5:colcon.colcon_core.verb:set package 'nrs_ft_aq2' build argument 'cmake_target' from command line to 'None'
[0.225s] Level 5:colcon.colcon_core.verb:set package 'nrs_ft_aq2' build argument 'cmake_target_skip_unavailable' from command line to 'False'
[0.225s] Level 5:colcon.colcon_core.verb:set package 'nrs_ft_aq2' build argument 'cmake_clean_cache' from command line to 'False'
[0.225s] Level 5:colcon.colcon_core.verb:set package 'nrs_ft_aq2' build argument 'cmake_clean_first' from command line to 'False'
[0.225s] Level 5:colcon.colcon_core.verb:set package 'nrs_ft_aq2' build argument 'cmake_force_configure' from command line to 'False'
[0.225s] Level 5:colcon.colcon_core.verb:set package 'nrs_ft_aq2' build argument 'ament_cmake_args' from command line to 'None'
[0.225s] Level 5:colcon.colcon_core.verb:set package 'nrs_ft_aq2' build argument 'catkin_cmake_args' from command line to 'None'
[0.225s] Level 5:colcon.colcon_core.verb:set package 'nrs_ft_aq2' build argument 'catkin_skip_building_tests' from command line to 'False'
[0.225s] DEBUG:colcon.colcon_core.verb:Building package 'nrs_ft_aq2' with the following arguments: {'ament_cmake_args': None, 'build_base': '/home/eunseop/nrs_act/behavior_ws/build/nrs_ft_aq2', 'catkin_cmake_args': None, 'catkin_skip_building_tests': False, 'cmake_args': None, 'cmake_clean_cache': False, 'cmake_clean_first': False, 'cmake_force_configure': False, 'cmake_target': None, 'cmake_target_skip_unavailable': False, 'install_base': '/home/eunseop/nrs_act/behavior_ws/install/nrs_ft_aq2', 'merge_install': False, 'path': '/home/eunseop/nrs_act/behavior_ws/src/nrs_ft_aq2', 'symlink_install': True, 'test_result_base': None}
[0.226s] Level 5:colcon.colcon_core.verb:set package 'nrs_imitation' build argument 'cmake_args' from command line to 'None'
[0.226s] Level 5:colcon.colcon_core.verb:set package 'nrs_imitation' build argument 'cmake_target' from command line to 'None'
[0.226s] Level 5:colcon.colcon_core.verb:set package 'nrs_imitation' build argument 'cmake_target_skip_unavailable' from command line to 'False'
[0.226s] Level 5:colcon.colcon_core.verb:set package 'nrs_imitation' build argument 'cmake_clean_cache' from command line to 'False'
[0.226s] Level 5:colcon.colcon_core.verb:set package 'nrs_imitation' build argument 'cmake_clean_first' from command line to 'False'
[0.226s] Level 5:colcon.colcon_core.verb:set package 'nrs_imitation' build argument 'cmake_force_configure' from command line to 'False'
[0.226s] Level 5:colcon.colcon_core.verb:set package 'nrs_imitation' build argument 'ament_cmake_args' from command line to 'None'
[0.226s] Level 5:colcon.colcon_core.verb:set package 'nrs_imitation' build argument 'catkin_cmake_args' from command line to 'None'
[0.226s] Level 5:colcon.colcon_core.verb:set package 'nrs_imitation' build argument 'catkin_skip_building_tests' from command line to 'False'
[0.226s] DEBUG:colcon.colcon_core.verb:Building package 'nrs_imitation' with the following arguments: {'ament_cmake_args': None, 'build_base': '/home/eunseop/nrs_act/behavior_ws/build/nrs_imitation', 'catkin_cmake_args': None, 'catkin_skip_building_tests': False, 'cmake_args': None, 'cmake_clean_cache': False, 'cmake_clean_first': False, 'cmake_force_configure': False, 'cmake_target': None, 'cmake_target_skip_unavailable': False, 'install_base': '/home/eunseop/nrs_act/behavior_ws/install/nrs_imitation', 'merge_install': False, 'path': '/home/eunseop/nrs_act/behavior_ws/src/nrs_imitation', 'symlink_install': True, 'test_result_base': None}
[0.226s] Level 5:colcon.colcon_core.verb:set package 'vive_tracker_interfaces' build argument 'cmake_args' from command line to 'None'
[0.226s] Level 5:colcon.colcon_core.verb:set package 'vive_tracker_interfaces' build argument 'cmake_target' from command line to 'None'
[0.226s] Level 5:colcon.colcon_core.verb:set package 'vive_tracker_interfaces' build argument 'cmake_target_skip_unavailable' from command line to 'False'
[0.226s] Level 5:colcon.colcon_core.verb:set package 'vive_tracker_interfaces' build argument 'cmake_clean_cache' from command line to 'False'
[0.226s] Level 5:colcon.colcon_core.verb:set package 'vive_tracker_interfaces' build argument 'cmake_clean_first' from command line to 'False'
[0.226s] Level 5:colcon.colcon_core.verb:set package 'vive_tracker_interfaces' build argument 'cmake_force_configure' from command line to 'False'
[0.226s] Level 5:colcon.colcon_core.verb:set package 'vive_tracker_interfaces' build argument 'ament_cmake_args' from command line to 'None'
[0.226s] Level 5:colcon.colcon_core.verb:set package 'vive_tracker_interfaces' build argument 'catkin_cmake_args' from command line to 'None'
[0.226s] Level 5:colcon.colcon_core.verb:set package 'vive_tracker_interfaces' build argument 'catkin_skip_building_tests' from command line to 'False'
[0.226s] DEBUG:colcon.colcon_core.verb:Building package 'vive_tracker_interfaces' with the following arguments: {'ament_cmake_args': None, 'build_base': '/home/eunseop/nrs_act/behavior_ws/build/vive_tracker_interfaces', 'catkin_cmake_args': None, 'catkin_skip_building_tests': False, 'cmake_args': None, 'cmake_clean_cache': False, 'cmake_clean_first': False, 'cmake_force_configure': False, 'cmake_target': None, 'cmake_target_skip_unavailable': False, 'install_base': '/home/eunseop/nrs_act/behavior_ws/install/vive_tracker_interfaces', 'merge_install': False, 'path': '/home/eunseop/nrs_act/behavior_ws/src/vive_tracker_interfaces', 'symlink_install': True, 'test_result_base': None}
[0.226s] Level 5:colcon.colcon_core.verb:set package 'vr_calibration' build argument 'cmake_args' from command line to 'None'
[0.226s] Level 5:colcon.colcon_core.verb:set package 'vr_calibration' build argument 'cmake_target' from command line to 'None'
[0.226s] Level 5:colcon.colcon_core.verb:set package 'vr_calibration' build argument 'cmake_target_skip_unavailable' from command line to 'False'
[0.226s] Level 5:colcon.colcon_core.verb:set package 'vr_calibration' build argument 'cmake_clean_cache' from command line to 'False'
[0.226s] Level 5:colcon.colcon_core.verb:set package 'vr_calibration' build argument 'cmake_clean_first' from command line to 'False'
[0.226s] Level 5:colcon.colcon_core.verb:set package 'vr_calibration' build argument 'cmake_force_configure' from command line to 'False'
[0.226s] Level 5:colcon.colcon_core.verb:set package 'vr_calibration' build argument 'ament_cmake_args' from command line to 'None'
[0.226s] Level 5:colcon.colcon_core.verb:set package 'vr_calibration' build argument 'catkin_cmake_args' from command line to 'None'
[0.226s] Level 5:colcon.colcon_core.verb:set package 'vr_calibration' build argument 'catkin_skip_building_tests' from command line to 'False'
[0.226s] DEBUG:colcon.colcon_core.verb:Building package 'vr_calibration' with the following arguments: {'ament_cmake_args': None, 'build_base': '/home/eunseop/nrs_act/behavior_ws/build/vr_calibration', 'catkin_cmake_args': None, 'catkin_skip_building_tests': False, 'cmake_args': None, 'cmake_clean_cache': False, 'cmake_clean_first': False, 'cmake_force_configure': False, 'cmake_target': None, 'cmake_target_skip_unavailable': False, 'install_base': '/home/eunseop/nrs_act/behavior_ws/install/vr_calibration', 'merge_install': False, 'path': '/home/eunseop/nrs_act/behavior_ws/src/vr_calibration', 'symlink_install': True, 'test_result_base': None}
[0.226s] Level 5:colcon.colcon_core.verb:set package 'vive_tracker_ros2' build argument 'cmake_args' from command line to 'None'
[0.226s] Level 5:colcon.colcon_core.verb:set package 'vive_tracker_ros2' build argument 'cmake_target' from command line to 'None'
[0.226s] Level 5:colcon.colcon_core.verb:set package 'vive_tracker_ros2' build argument 'cmake_target_skip_unavailable' from command line to 'False'
[0.226s] Level 5:colcon.colcon_core.verb:set package 'vive_tracker_ros2' build argument 'cmake_clean_cache' from command line to 'False'
[0.226s] Level 5:colcon.colcon_core.verb:set package 'vive_tracker_ros2' build argument 'cmake_clean_first' from command line to 'False'
[0.226s] Level 5:colcon.colcon_core.verb:set package 'vive_tracker_ros2' build argument 'cmake_force_configure' from command line to 'False'
[0.226s] Level 5:colcon.colcon_core.verb:set package 'vive_tracker_ros2' build argument 'ament_cmake_args' from command line to 'None'
[0.226s] Level 5:colcon.colcon_core.verb:set package 'vive_tracker_ros2' build argument 'catkin_cmake_args' from command line to 'None'
[0.226s] Level 5:colcon.colcon_core.verb:set package 'vive_tracker_ros2' build argument 'catkin_skip_building_tests' from command line to 'False'
[0.226s] DEBUG:colcon.colcon_core.verb:Building package 'vive_tracker_ros2' with the following arguments: {'ament_cmake_args': None, 'build_base': '/home/eunseop/nrs_act/behavior_ws/build/vive_tracker_ros2', 'catkin_cmake_args': None, 'catkin_skip_building_tests': False, 'cmake_args': None, 'cmake_clean_cache': False, 'cmake_clean_first': False, 'cmake_force_configure': False, 'cmake_target': None, 'cmake_target_skip_unavailable': False, 'install_base': '/home/eunseop/nrs_act/behavior_ws/install/vive_tracker_ros2', 'merge_install': False, 'path': '/home/eunseop/nrs_act/behavior_ws/src/vive_tracker_ros2', 'symlink_install': True, 'test_result_base': None}
[0.226s] INFO:colcon.colcon_core.executor:Executing jobs using 'parallel' executor
[0.227s] DEBUG:colcon.colcon_parallel_executor.executor.parallel:run_until_complete
[0.227s] INFO:colcon.colcon_ros.task.ament_cmake.build:Building ROS package in '/home/eunseop/nrs_act/behavior_ws/src/vive_tracker_interfaces' with build type 'ament_cmake'
[0.227s] INFO:colcon.colcon_cmake.task.cmake.build:Building CMake package in '/home/eunseop/nrs_act/behavior_ws/src/vive_tracker_interfaces'
[0.230s] INFO:colcon.colcon_core.plugin_system:Skipping extension 'colcon_core.shell.bat': Not used on non-Windows systems
[0.230s] INFO:colcon.colcon_core.shell:Skip shell extension 'powershell' for command environment: Not usable outside of PowerShell
[0.230s] DEBUG:colcon.colcon_core.shell:Skip shell extension 'dsv' for command environment
[0.233s] INFO:colcon.colcon_ros.task.ament_cmake.build:Building ROS package in '/home/eunseop/nrs_act/behavior_ws/src/nrs_ft_aq2' with build type 'ament_cmake'
[0.233s] INFO:colcon.colcon_cmake.task.cmake.build:Building CMake package in '/home/eunseop/nrs_act/behavior_ws/src/nrs_ft_aq2'
[0.233s] INFO:colcon.colcon_core.shell:Skip shell extension 'powershell' for command environment: Not usable outside of PowerShell
[0.233s] DEBUG:colcon.colcon_core.shell:Skip shell extension 'dsv' for command environment
[0.235s] INFO:colcon.colcon_ros.task.ament_python.build:Building ROS package in '/home/eunseop/nrs_act/behavior_ws/src/nrs_imitation' with build type 'ament_python'
[0.236s] Level 1:colcon.colcon_core.shell:create_environment_hook('nrs_imitation', 'ament_prefix_path')
[0.236s] INFO:colcon.colcon_core.shell:Creating environment hook '/home/eunseop/nrs_act/behavior_ws/install/nrs_imitation/share/nrs_imitation/hook/ament_prefix_path.ps1'
[0.237s] INFO:colcon.colcon_core.shell:Creating environment descriptor '/home/eunseop/nrs_act/behavior_ws/install/nrs_imitation/share/nrs_imitation/hook/ament_prefix_path.dsv'
[0.237s] INFO:colcon.colcon_core.shell:Creating environment hook '/home/eunseop/nrs_act/behavior_ws/install/nrs_imitation/share/nrs_imitation/hook/ament_prefix_path.sh'
[0.238s] INFO:colcon.colcon_core.shell:Skip shell extension 'powershell' for command environment: Not usable outside of PowerShell
[0.238s] DEBUG:colcon.colcon_core.shell:Skip shell extension 'dsv' for command environment
[0.239s] INFO:colcon.colcon_ros.task.ament_cmake.build:Building ROS package in '/home/eunseop/nrs_act/behavior_ws/src/vr_calibration' with build type 'ament_cmake'
[0.239s] INFO:colcon.colcon_cmake.task.cmake.build:Building CMake package in '/home/eunseop/nrs_act/behavior_ws/src/vr_calibration'
[0.239s] INFO:colcon.colcon_core.shell:Skip shell extension 'powershell' for command environment: Not usable outside of PowerShell
[0.239s] DEBUG:colcon.colcon_core.shell:Skip shell extension 'dsv' for command environment
[0.242s] DEBUG:colcon.colcon_core.event_handler.log_command:Invoking command in '/home/eunseop/nrs_act/behavior_ws/build/vive_tracker_interfaces': CMAKE_PREFIX_PATH=${CMAKE_PREFIX_PATH}:/home/eunseop/dualarm_ws/install/manus_path:/home/eunseop/nrs_ws/install/vive_tracker_ros2:/home/eunseop/nrs_ws/install/nrs_imitation:/home/eunseop/nrs_ws/install/nrs_dlc:/home/eunseop/nrs_ws/install/joint_control:/opt/ros/humble /usr/bin/cmake /home/eunseop/nrs_act/behavior_ws/src/vive_tracker_interfaces -DAMENT_CMAKE_SYMLINK_INSTALL=1 -DCMAKE_INSTALL_PREFIX=/home/eunseop/nrs_act/behavior_ws/install/vive_tracker_interfaces
[0.246s] DEBUG:colcon.colcon_core.event_handler.log_command:Invoking command in '/home/eunseop/nrs_act/behavior_ws/build/nrs_ft_aq2': CMAKE_PREFIX_PATH=${CMAKE_PREFIX_PATH}:/home/eunseop/dualarm_ws/install/manus_path:/home/eunseop/nrs_ws/install/vive_tracker_ros2:/home/eunseop/nrs_ws/install/nrs_imitation:/home/eunseop/nrs_ws/install/nrs_dlc:/home/eunseop/nrs_ws/install/joint_control:/opt/ros/humble /usr/bin/cmake /home/eunseop/nrs_act/behavior_ws/src/nrs_ft_aq2 -DAMENT_CMAKE_SYMLINK_INSTALL=1 -DCMAKE_INSTALL_PREFIX=/home/eunseop/nrs_act/behavior_ws/install/nrs_ft_aq2
[0.362s] INFO:colcon.colcon_core.task.python.build:Building Python package in '/home/eunseop/nrs_act/behavior_ws/src/nrs_imitation'
[0.362s] INFO:colcon.colcon_core.shell:Skip shell extension 'powershell' for command environment: Not usable outside of PowerShell
[0.362s] DEBUG:colcon.colcon_core.shell:Skip shell extension 'dsv' for command environment
[0.367s] DEBUG:colcon.colcon_core.event_handler.log_command:Invoking command in '/home/eunseop/nrs_act/behavior_ws/build/vr_calibration': CMAKE_PREFIX_PATH=${CMAKE_PREFIX_PATH}:/home/eunseop/dualarm_ws/install/manus_path:/home/eunseop/nrs_ws/install/vive_tracker_ros2:/home/eunseop/nrs_ws/install/nrs_imitation:/home/eunseop/nrs_ws/install/nrs_dlc:/home/eunseop/nrs_ws/install/joint_control:/opt/ros/humble /usr/bin/cmake /home/eunseop/nrs_act/behavior_ws/src/vr_calibration -DAMENT_CMAKE_SYMLINK_INSTALL=1 -DCMAKE_INSTALL_PREFIX=/home/eunseop/nrs_act/behavior_ws/install/vr_calibration
[0.645s] DEBUG:colcon.colcon_core.event_handler.log_command:Invoking command in '/home/eunseop/nrs_act/behavior_ws/build/nrs_imitation': PYTHONPATH=/home/eunseop/nrs_act/behavior_ws/build/nrs_imitation/prefix_override:/usr/lib/python3/dist-packages/colcon_core/task/python/colcon_distutils_commands:/home/eunseop/nrs_act/behavior_ws/install/nrs_imitation/lib/python3.10/site-packages:${PYTHONPATH} /usr/bin/python3 -W ignore:setup.py install is deprecated -W ignore:easy_install command is deprecated setup.py develop --editable --build-directory /home/eunseop/nrs_act/behavior_ws/build/nrs_imitation/build --no-deps symlink_data
[0.860s] Level 1:colcon.colcon_core.shell:create_environment_hook('nrs_imitation', 'pythonpath_develop')
[0.860s] INFO:colcon.colcon_core.shell:Creating environment hook '/home/eunseop/nrs_act/behavior_ws/build/nrs_imitation/share/nrs_imitation/hook/pythonpath_develop.ps1'
[0.860s] DEBUG:colcon.colcon_core.event_handler.log_command:Invoked command in '/home/eunseop/nrs_act/behavior_ws/build/nrs_imitation' returned '0': PYTHONPATH=/home/eunseop/nrs_act/behavior_ws/build/nrs_imitation/prefix_override:/usr/lib/python3/dist-packages/colcon_core/task/python/colcon_distutils_commands:/home/eunseop/nrs_act/behavior_ws/install/nrs_imitation/lib/python3.10/site-packages:${PYTHONPATH} /usr/bin/python3 -W ignore:setup.py install is deprecated -W ignore:easy_install command is deprecated setup.py develop --editable --build-directory /home/eunseop/nrs_act/behavior_ws/build/nrs_imitation/build --no-deps symlink_data
[0.861s] INFO:colcon.colcon_core.shell:Creating environment descriptor '/home/eunseop/nrs_act/behavior_ws/build/nrs_imitation/share/nrs_imitation/hook/pythonpath_develop.dsv'
[0.861s] INFO:colcon.colcon_core.shell:Creating environment hook '/home/eunseop/nrs_act/behavior_ws/build/nrs_imitation/share/nrs_imitation/hook/pythonpath_develop.sh'
[0.864s] Level 1:colcon.colcon_core.environment:checking '/home/eunseop/nrs_act/behavior_ws/install/nrs_imitation' for CMake module files
[0.864s] Level 1:colcon.colcon_core.environment:checking '/home/eunseop/nrs_act/behavior_ws/install/nrs_imitation' for CMake config files
[0.864s] Level 1:colcon.colcon_core.environment:checking '/home/eunseop/nrs_act/behavior_ws/install/nrs_imitation/lib'
[0.864s] Level 1:colcon.colcon_core.environment:checking '/home/eunseop/nrs_act/behavior_ws/install/nrs_imitation/bin'
[0.864s] Level 1:colcon.colcon_core.environment:checking '/home/eunseop/nrs_act/behavior_ws/install/nrs_imitation/lib/pkgconfig/nrs_imitation.pc'
[0.864s] Level 1:colcon.colcon_core.environment:checking '/home/eunseop/nrs_act/behavior_ws/install/nrs_imitation/lib/python3.10/site-packages'
[0.864s] Level 1:colcon.colcon_core.shell:create_environment_hook('nrs_imitation', 'pythonpath')
[0.865s] INFO:colcon.colcon_core.shell:Creating environment hook '/home/eunseop/nrs_act/behavior_ws/install/nrs_imitation/share/nrs_imitation/hook/pythonpath.ps1'
[0.865s] INFO:colcon.colcon_core.shell:Creating environment descriptor '/home/eunseop/nrs_act/behavior_ws/install/nrs_imitation/share/nrs_imitation/hook/pythonpath.dsv'
[0.865s] INFO:colcon.colcon_core.shell:Creating environment hook '/home/eunseop/nrs_act/behavior_ws/install/nrs_imitation/share/nrs_imitation/hook/pythonpath.sh'
[0.865s] Level 1:colcon.colcon_core.environment:checking '/home/eunseop/nrs_act/behavior_ws/install/nrs_imitation/bin'
[0.865s] Level 1:colcon.colcon_core.environment:create_environment_scripts_only(nrs_imitation)
[0.865s] INFO:colcon.colcon_core.shell:Creating package script '/home/eunseop/nrs_act/behavior_ws/install/nrs_imitation/share/nrs_imitation/package.ps1'
[0.866s] INFO:colcon.colcon_core.shell:Creating package descriptor '/home/eunseop/nrs_act/behavior_ws/install/nrs_imitation/share/nrs_imitation/package.dsv'
[0.866s] INFO:colcon.colcon_core.shell:Creating package script '/home/eunseop/nrs_act/behavior_ws/install/nrs_imitation/share/nrs_imitation/package.sh'
[0.866s] INFO:colcon.colcon_core.shell:Creating package script '/home/eunseop/nrs_act/behavior_ws/install/nrs_imitation/share/nrs_imitation/package.bash'
[0.867s] INFO:colcon.colcon_core.shell:Creating package script '/home/eunseop/nrs_act/behavior_ws/install/nrs_imitation/share/nrs_imitation/package.zsh'
[0.868s] Level 1:colcon.colcon_core.environment:create_file_with_runtime_dependencies(/home/eunseop/nrs_act/behavior_ws/install/nrs_imitation/share/colcon-core/packages/nrs_imitation)
[0.971s] DEBUG:colcon.colcon_core.event_handler.log_command:Invoked command in '/home/eunseop/nrs_act/behavior_ws/build/nrs_ft_aq2' returned '0': CMAKE_PREFIX_PATH=${CMAKE_PREFIX_PATH}:/home/eunseop/dualarm_ws/install/manus_path:/home/eunseop/nrs_ws/install/vive_tracker_ros2:/home/eunseop/nrs_ws/install/nrs_imitation:/home/eunseop/nrs_ws/install/nrs_dlc:/home/eunseop/nrs_ws/install/joint_control:/opt/ros/humble /usr/bin/cmake /home/eunseop/nrs_act/behavior_ws/src/nrs_ft_aq2 -DAMENT_CMAKE_SYMLINK_INSTALL=1 -DCMAKE_INSTALL_PREFIX=/home/eunseop/nrs_act/behavior_ws/install/nrs_ft_aq2
[0.972s] DEBUG:colcon.colcon_core.event_handler.log_command:Invoking command in '/home/eunseop/nrs_act/behavior_ws/build/nrs_ft_aq2': CMAKE_PREFIX_PATH=${CMAKE_PREFIX_PATH}:/home/eunseop/dualarm_ws/install/manus_path:/home/eunseop/nrs_ws/install/vive_tracker_ros2:/home/eunseop/nrs_ws/install/nrs_imitation:/home/eunseop/nrs_ws/install/nrs_dlc:/home/eunseop/nrs_ws/install/joint_control:/opt/ros/humble /usr/bin/cmake --build /home/eunseop/nrs_act/behavior_ws/build/nrs_ft_aq2 -- -j16 -l16
[0.975s] DEBUG:colcon.colcon_core.event_handler.log_command:Invoked command in '/home/eunseop/nrs_act/behavior_ws/build/vr_calibration' returned '0': CMAKE_PREFIX_PATH=${CMAKE_PREFIX_PATH}:/home/eunseop/dualarm_ws/install/manus_path:/home/eunseop/nrs_ws/install/vive_tracker_ros2:/home/eunseop/nrs_ws/install/nrs_imitation:/home/eunseop/nrs_ws/install/nrs_dlc:/home/eunseop/nrs_ws/install/joint_control:/opt/ros/humble /usr/bin/cmake /home/eunseop/nrs_act/behavior_ws/src/vr_calibration -DAMENT_CMAKE_SYMLINK_INSTALL=1 -DCMAKE_INSTALL_PREFIX=/home/eunseop/nrs_act/behavior_ws/install/vr_calibration
[0.976s] DEBUG:colcon.colcon_core.event_handler.log_command:Invoking command in '/home/eunseop/nrs_act/behavior_ws/build/vr_calibration': CMAKE_PREFIX_PATH=${CMAKE_PREFIX_PATH}:/home/eunseop/dualarm_ws/install/manus_path:/home/eunseop/nrs_ws/install/vive_tracker_ros2:/home/eunseop/nrs_ws/install/nrs_imitation:/home/eunseop/nrs_ws/install/nrs_dlc:/home/eunseop/nrs_ws/install/joint_control:/opt/ros/humble /usr/bin/cmake --build /home/eunseop/nrs_act/behavior_ws/build/vr_calibration -- -j16 -l16
[1.375s] DEBUG:colcon.colcon_core.event_handler.log_command:Invoked command in '/home/eunseop/nrs_act/behavior_ws/build/vive_tracker_interfaces' returned '0': CMAKE_PREFIX_PATH=${CMAKE_PREFIX_PATH}:/home/eunseop/dualarm_ws/install/manus_path:/home/eunseop/nrs_ws/install/vive_tracker_ros2:/home/eunseop/nrs_ws/install/nrs_imitation:/home/eunseop/nrs_ws/install/nrs_dlc:/home/eunseop/nrs_ws/install/joint_control:/opt/ros/humble /usr/bin/cmake /home/eunseop/nrs_act/behavior_ws/src/vive_tracker_interfaces -DAMENT_CMAKE_SYMLINK_INSTALL=1 -DCMAKE_INSTALL_PREFIX=/home/eunseop/nrs_act/behavior_ws/install/vive_tracker_interfaces
[1.376s] DEBUG:colcon.colcon_core.event_handler.log_command:Invoking command in '/home/eunseop/nrs_act/behavior_ws/build/vive_tracker_interfaces': CMAKE_PREFIX_PATH=${CMAKE_PREFIX_PATH}:/home/eunseop/dualarm_ws/install/manus_path:/home/eunseop/nrs_ws/install/vive_tracker_ros2:/home/eunseop/nrs_ws/install/nrs_imitation:/home/eunseop/nrs_ws/install/nrs_dlc:/home/eunseop/nrs_ws/install/joint_control:/opt/ros/humble /usr/bin/cmake --build /home/eunseop/nrs_act/behavior_ws/build/vive_tracker_interfaces -- -j16 -l16
[2.368s] DEBUG:colcon.colcon_core.event_handler.log_command:Invoked command in '/home/eunseop/nrs_act/behavior_ws/build/vive_tracker_interfaces' returned '0': CMAKE_PREFIX_PATH=${CMAKE_PREFIX_PATH}:/home/eunseop/dualarm_ws/install/manus_path:/home/eunseop/nrs_ws/install/vive_tracker_ros2:/home/eunseop/nrs_ws/install/nrs_imitation:/home/eunseop/nrs_ws/install/nrs_dlc:/home/eunseop/nrs_ws/install/joint_control:/opt/ros/humble /usr/bin/cmake --build /home/eunseop/nrs_act/behavior_ws/build/vive_tracker_interfaces -- -j16 -l16
[2.372s] DEBUG:colcon.colcon_core.event_handler.log_command:Invoking command in '/home/eunseop/nrs_act/behavior_ws/build/vive_tracker_interfaces': CMAKE_PREFIX_PATH=${CMAKE_PREFIX_PATH}:/home/eunseop/dualarm_ws/install/manus_path:/home/eunseop/nrs_ws/install/vive_tracker_ros2:/home/eunseop/nrs_ws/install/nrs_imitation:/home/eunseop/nrs_ws/install/nrs_dlc:/home/eunseop/nrs_ws/install/joint_control:/opt/ros/humble /usr/bin/cmake --install /home/eunseop/nrs_act/behavior_ws/build/vive_tracker_interfaces
[2.621s] Level 1:colcon.colcon_core.environment:create_environment_scripts_only(vive_tracker_interfaces)
[2.621s] Level 1:colcon.colcon_core.environment:checking '/home/eunseop/nrs_act/behavior_ws/install/vive_tracker_interfaces' for CMake module files
[2.621s] DEBUG:colcon.colcon_core.event_handler.log_command:Invoked command in '/home/eunseop/nrs_act/behavior_ws/build/vive_tracker_interfaces' returned '0': CMAKE_PREFIX_PATH=${CMAKE_PREFIX_PATH}:/home/eunseop/dualarm_ws/install/manus_path:/home/eunseop/nrs_ws/install/vive_tracker_ros2:/home/eunseop/nrs_ws/install/nrs_imitation:/home/eunseop/nrs_ws/install/nrs_dlc:/home/eunseop/nrs_ws/install/joint_control:/opt/ros/humble /usr/bin/cmake --install /home/eunseop/nrs_act/behavior_ws/build/vive_tracker_interfaces
[2.621s] Level 1:colcon.colcon_core.environment:checking '/home/eunseop/nrs_act/behavior_ws/install/vive_tracker_interfaces' for CMake config files
[2.622s] Level 1:colcon.colcon_core.shell:create_environment_hook('vive_tracker_interfaces', 'cmake_prefix_path')
[2.622s] INFO:colcon.colcon_core.shell:Creating environment hook '/home/eunseop/nrs_act/behavior_ws/install/vive_tracker_interfaces/share/vive_tracker_interfaces/hook/cmake_prefix_path.ps1'
[2.622s] INFO:colcon.colcon_core.shell:Creating environment descriptor '/home/eunseop/nrs_act/behavior_ws/install/vive_tracker_interfaces/share/vive_tracker_interfaces/hook/cmake_prefix_path.dsv'
[2.622s] INFO:colcon.colcon_core.shell:Creating environment hook '/home/eunseop/nrs_act/behavior_ws/install/vive_tracker_interfaces/share/vive_tracker_interfaces/hook/cmake_prefix_path.sh'
[2.622s] Level 1:colcon.colcon_core.environment:checking '/home/eunseop/nrs_act/behavior_ws/install/vive_tracker_interfaces/lib'
[2.622s] Level 1:colcon.colcon_core.shell:create_environment_hook('vive_tracker_interfaces', 'ld_library_path_lib')
[2.622s] INFO:colcon.colcon_core.shell:Creating environment hook '/home/eunseop/nrs_act/behavior_ws/install/vive_tracker_interfaces/share/vive_tracker_interfaces/hook/ld_library_path_lib.ps1'
[2.623s] INFO:colcon.colcon_core.shell:Creating environment descriptor '/home/eunseop/nrs_act/behavior_ws/install/vive_tracker_interfaces/share/vive_tracker_interfaces/hook/ld_library_path_lib.dsv'
[2.623s] INFO:colcon.colcon_core.shell:Creating environment hook '/home/eunseop/nrs_act/behavior_ws/install/vive_tracker_interfaces/share/vive_tracker_interfaces/hook/ld_library_path_lib.sh'
[2.623s] Level 1:colcon.colcon_core.environment:checking '/home/eunseop/nrs_act/behavior_ws/install/vive_tracker_interfaces/bin'
[2.623s] Level 1:colcon.colcon_core.environment:checking '/home/eunseop/nrs_act/behavior_ws/install/vive_tracker_interfaces/lib/pkgconfig/vive_tracker_interfaces.pc'
[2.623s] Level 1:colcon.colcon_core.environment:checking '/home/eunseop/nrs_act/behavior_ws/install/vive_tracker_interfaces/lib/python3.10/site-packages'
[2.623s] Level 1:colcon.colcon_core.environment:checking '/home/eunseop/nrs_act/behavior_ws/install/vive_tracker_interfaces/bin'
[2.623s] INFO:colcon.colcon_core.shell:Creating package script '/home/eunseop/nrs_act/behavior_ws/install/vive_tracker_interfaces/share/vive_tracker_interfaces/package.ps1'
[2.623s] INFO:colcon.colcon_core.shell:Creating package descriptor '/home/eunseop/nrs_act/behavior_ws/install/vive_tracker_interfaces/share/vive_tracker_interfaces/package.dsv'
[2.624s] INFO:colcon.colcon_core.shell:Creating package script '/home/eunseop/nrs_act/behavior_ws/install/vive_tracker_interfaces/share/vive_tracker_interfaces/package.sh'
[2.624s] INFO:colcon.colcon_core.shell:Creating package script '/home/eunseop/nrs_act/behavior_ws/install/vive_tracker_interfaces/share/vive_tracker_interfaces/package.bash'
[2.624s] INFO:colcon.colcon_core.shell:Creating package script '/home/eunseop/nrs_act/behavior_ws/install/vive_tracker_interfaces/share/vive_tracker_interfaces/package.zsh'
[2.624s] Level 1:colcon.colcon_core.environment:create_file_with_runtime_dependencies(/home/eunseop/nrs_act/behavior_ws/install/vive_tracker_interfaces/share/colcon-core/packages/vive_tracker_interfaces)
[2.624s] Level 1:colcon.colcon_core.environment:create_environment_scripts_only(vive_tracker_interfaces)
[2.624s] Level 1:colcon.colcon_core.environment:checking '/home/eunseop/nrs_act/behavior_ws/install/vive_tracker_interfaces' for CMake module files
[2.624s] Level 1:colcon.colcon_core.environment:checking '/home/eunseop/nrs_act/behavior_ws/install/vive_tracker_interfaces' for CMake config files
[2.625s] Level 1:colcon.colcon_core.shell:create_environment_hook('vive_tracker_interfaces', 'cmake_prefix_path')
[2.625s] INFO:colcon.colcon_core.shell:Creating environment hook '/home/eunseop/nrs_act/behavior_ws/install/vive_tracker_interfaces/share/vive_tracker_interfaces/hook/cmake_prefix_path.ps1'
[2.625s] INFO:colcon.colcon_core.shell:Creating environment descriptor '/home/eunseop/nrs_act/behavior_ws/install/vive_tracker_interfaces/share/vive_tracker_interfaces/hook/cmake_prefix_path.dsv'
[2.625s] INFO:colcon.colcon_core.shell:Creating environment hook '/home/eunseop/nrs_act/behavior_ws/install/vive_tracker_interfaces/share/vive_tracker_interfaces/hook/cmake_prefix_path.sh'
[2.625s] Level 1:colcon.colcon_core.environment:checking '/home/eunseop/nrs_act/behavior_ws/install/vive_tracker_interfaces/lib'
[2.625s] Level 1:colcon.colcon_core.shell:create_environment_hook('vive_tracker_interfaces', 'ld_library_path_lib')
[2.625s] INFO:colcon.colcon_core.shell:Creating environment hook '/home/eunseop/nrs_act/behavior_ws/install/vive_tracker_interfaces/share/vive_tracker_interfaces/hook/ld_library_path_lib.ps1'
[2.625s] INFO:colcon.colcon_core.shell:Creating environment descriptor '/home/eunseop/nrs_act/behavior_ws/install/vive_tracker_interfaces/share/vive_tracker_interfaces/hook/ld_library_path_lib.dsv'
[2.626s] INFO:colcon.colcon_core.shell:Creating environment hook '/home/eunseop/nrs_act/behavior_ws/install/vive_tracker_interfaces/share/vive_tracker_interfaces/hook/ld_library_path_lib.sh'
[2.626s] Level 1:colcon.colcon_core.environment:checking '/home/eunseop/nrs_act/behavior_ws/install/vive_tracker_interfaces/bin'
[2.626s] Level 1:colcon.colcon_core.environment:checking '/home/eunseop/nrs_act/behavior_ws/install/vive_tracker_interfaces/lib/pkgconfig/vive_tracker_interfaces.pc'
[2.626s] Level 1:colcon.colcon_core.environment:checking '/home/eunseop/nrs_act/behavior_ws/install/vive_tracker_interfaces/lib/python3.10/site-packages'
[2.626s] Level 1:colcon.colcon_core.environment:checking '/home/eunseop/nrs_act/behavior_ws/install/vive_tracker_interfaces/bin'
[2.626s] INFO:colcon.colcon_core.shell:Creating package script '/home/eunseop/nrs_act/behavior_ws/install/vive_tracker_interfaces/share/vive_tracker_interfaces/package.ps1'
[2.626s] INFO:colcon.colcon_core.shell:Creating package descriptor '/home/eunseop/nrs_act/behavior_ws/install/vive_tracker_interfaces/share/vive_tracker_interfaces/package.dsv'
[2.627s] INFO:colcon.colcon_core.shell:Creating package script '/home/eunseop/nrs_act/behavior_ws/install/vive_tracker_interfaces/share/vive_tracker_interfaces/package.sh'
[2.627s] INFO:colcon.colcon_core.shell:Creating package script '/home/eunseop/nrs_act/behavior_ws/install/vive_tracker_interfaces/share/vive_tracker_interfaces/package.bash'
[2.627s] INFO:colcon.colcon_core.shell:Creating package script '/home/eunseop/nrs_act/behavior_ws/install/vive_tracker_interfaces/share/vive_tracker_interfaces/package.zsh'
[2.627s] Level 1:colcon.colcon_core.environment:create_file_with_runtime_dependencies(/home/eunseop/nrs_act/behavior_ws/install/vive_tracker_interfaces/share/colcon-core/packages/vive_tracker_interfaces)
[2.627s] INFO:colcon.colcon_ros.task.ament_python.build:Building ROS package in '/home/eunseop/nrs_act/behavior_ws/src/vive_tracker_ros2' with build type 'ament_python'
[2.627s] Level 1:colcon.colcon_core.shell:create_environment_hook('vive_tracker_ros2', 'ament_prefix_path')
[2.627s] INFO:colcon.colcon_core.shell:Creating environment hook '/home/eunseop/nrs_act/behavior_ws/install/vive_tracker_ros2/share/vive_tracker_ros2/hook/ament_prefix_path.ps1'
[2.628s] INFO:colcon.colcon_core.shell:Creating environment descriptor '/home/eunseop/nrs_act/behavior_ws/install/vive_tracker_ros2/share/vive_tracker_ros2/hook/ament_prefix_path.dsv'
[2.628s] INFO:colcon.colcon_core.shell:Creating environment hook '/home/eunseop/nrs_act/behavior_ws/install/vive_tracker_ros2/share/vive_tracker_ros2/hook/ament_prefix_path.sh'
[2.628s] INFO:colcon.colcon_core.shell:Skip shell extension 'powershell' for command environment: Not usable outside of PowerShell
[2.628s] DEBUG:colcon.colcon_core.shell:Skip shell extension 'dsv' for command environment
[2.756s] INFO:colcon.colcon_core.task.python.build:Building Python package in '/home/eunseop/nrs_act/behavior_ws/src/vive_tracker_ros2'
[2.757s] INFO:colcon.colcon_core.shell:Skip shell extension 'powershell' for command environment: Not usable outside of PowerShell
[2.757s] DEBUG:colcon.colcon_core.shell:Skip shell extension 'dsv' for command environment
[2.927s] DEBUG:colcon.colcon_core.event_handler.log_command:Invoking command in '/home/eunseop/nrs_act/behavior_ws/build/vive_tracker_ros2': AMENT_PREFIX_PATH=/home/eunseop/nrs_act/behavior_ws/install/vive_tracker_interfaces:${AMENT_PREFIX_PATH} CMAKE_PREFIX_PATH=/home/eunseop/nrs_act/behavior_ws/install/vive_tracker_interfaces:/home/eunseop/dualarm_ws/install/manus_ros2:/home/eunseop/dualarm_ws/install/manus_ros2_msgs:/home/eunseop/dualarm_ws/install/dualarm_forcecon:/home/eunseop/dualarm_ws/install/dualarm_forcecon_interfaces:/home/eunseop/nrs_ws/install/vr_calibration:/home/eunseop/nrs_ws/install/vive_tracker_interfaces:/home/eunseop/nrs_ws/install/rtde_handarm2:/home/eunseop/nrs_ws/install/nrs_waypoint:/home/eunseop/nrs_ws/install/nrs_path2:/home/eunseop/nrs_ws/install/nrs_mcp2:/home/eunseop/nrs_ws/install/nrs_ik:/home/eunseop/nrs_ws/install/nrs_gen_filter2:/home/eunseop/nrs_ws/install/nrs_ft_aq2:/home/eunseop/nrs_ws/install/nrs_forcecon2:/home/eunseop/dev_ws/install/Y2RobMotion:/home/eunseop/dev_ws/install/Y2Trajectory:/home/eunseop/dev_ws/install/Y2Kinematics:/home/eunseop/dev_ws/install/Y2FT_AQ:/home/eunseop/dev_ws/install/Y2Matrix:/home/eunseop/dev_ws/install/Y2ForceCon:/home/eunseop/dev_ws/install/Y2Filters:/home/eunseop/libtorch:/opt/cyclonedds LD_LIBRARY_PATH=/home/eunseop/nrs_act/behavior_ws/install/vive_tracker_interfaces/lib:${LD_LIBRARY_PATH} PYTHONPATH=/home/eunseop/nrs_act/behavior_ws/build/vive_tracker_ros2/prefix_override:/usr/lib/python3/dist-packages/colcon_core/task/python/colcon_distutils_commands:/home/eunseop/nrs_act/behavior_ws/install/vive_tracker_ros2/lib/python3.10/site-packages:/home/eunseop/nrs_act/behavior_ws/install/vive_tracker_interfaces/local/lib/python3.10/dist-packages:${PYTHONPATH} /usr/bin/python3 -W ignore:setup.py install is deprecated -W ignore:easy_install command is deprecated setup.py develop --editable --build-directory /home/eunseop/nrs_act/behavior_ws/build/vive_tracker_ros2/build --no-deps symlink_data
[3.135s] Level 1:colcon.colcon_core.shell:create_environment_hook('vive_tracker_ros2', 'pythonpath_develop')
[3.135s] INFO:colcon.colcon_core.shell:Creating environment hook '/home/eunseop/nrs_act/behavior_ws/build/vive_tracker_ros2/share/vive_tracker_ros2/hook/pythonpath_develop.ps1'
[3.135s] DEBUG:colcon.colcon_core.event_handler.log_command:Invoked command in '/home/eunseop/nrs_act/behavior_ws/build/vive_tracker_ros2' returned '0': AMENT_PREFIX_PATH=/home/eunseop/nrs_act/behavior_ws/install/vive_tracker_interfaces:${AMENT_PREFIX_PATH} CMAKE_PREFIX_PATH=/home/eunseop/nrs_act/behavior_ws/install/vive_tracker_interfaces:/home/eunseop/dualarm_ws/install/manus_ros2:/home/eunseop/dualarm_ws/install/manus_ros2_msgs:/home/eunseop/dualarm_ws/install/dualarm_forcecon:/home/eunseop/dualarm_ws/install/dualarm_forcecon_interfaces:/home/eunseop/nrs_ws/install/vr_calibration:/home/eunseop/nrs_ws/install/vive_tracker_interfaces:/home/eunseop/nrs_ws/install/rtde_handarm2:/home/eunseop/nrs_ws/install/nrs_waypoint:/home/eunseop/nrs_ws/install/nrs_path2:/home/eunseop/nrs_ws/install/nrs_mcp2:/home/eunseop/nrs_ws/install/nrs_ik:/home/eunseop/nrs_ws/install/nrs_gen_filter2:/home/eunseop/nrs_ws/install/nrs_ft_aq2:/home/eunseop/nrs_ws/install/nrs_forcecon2:/home/eunseop/dev_ws/install/Y2RobMotion:/home/eunseop/dev_ws/install/Y2Trajectory:/home/eunseop/dev_ws/install/Y2Kinematics:/home/eunseop/dev_ws/install/Y2FT_AQ:/home/eunseop/dev_ws/install/Y2Matrix:/home/eunseop/dev_ws/install/Y2ForceCon:/home/eunseop/dev_ws/install/Y2Filters:/home/eunseop/libtorch:/opt/cyclonedds LD_LIBRARY_PATH=/home/eunseop/nrs_act/behavior_ws/install/vive_tracker_interfaces/lib:${LD_LIBRARY_PATH} PYTHONPATH=/home/eunseop/nrs_act/behavior_ws/build/vive_tracker_ros2/prefix_override:/usr/lib/python3/dist-packages/colcon_core/task/python/colcon_distutils_commands:/home/eunseop/nrs_act/behavior_ws/install/vive_tracker_ros2/lib/python3.10/site-packages:/home/eunseop/nrs_act/behavior_ws/install/vive_tracker_interfaces/local/lib/python3.10/dist-packages:${PYTHONPATH} /usr/bin/python3 -W ignore:setup.py install is deprecated -W ignore:easy_install command is deprecated setup.py develop --editable --build-directory /home/eunseop/nrs_act/behavior_ws/build/vive_tracker_ros2/build --no-deps symlink_data
[3.136s] INFO:colcon.colcon_core.shell:Creating environment descriptor '/home/eunseop/nrs_act/behavior_ws/build/vive_tracker_ros2/share/vive_tracker_ros2/hook/pythonpath_develop.dsv'
[3.136s] INFO:colcon.colcon_core.shell:Creating environment hook '/home/eunseop/nrs_act/behavior_ws/build/vive_tracker_ros2/share/vive_tracker_ros2/hook/pythonpath_develop.sh'
[3.136s] Level 1:colcon.colcon_core.environment:checking '/home/eunseop/nrs_act/behavior_ws/install/vive_tracker_ros2' for CMake module files
[3.136s] Level 1:colcon.colcon_core.environment:checking '/home/eunseop/nrs_act/behavior_ws/install/vive_tracker_ros2' for CMake config files
[3.137s] Level 1:colcon.colcon_core.environment:checking '/home/eunseop/nrs_act/behavior_ws/install/vive_tracker_ros2/lib'
[3.137s] Level 1:colcon.colcon_core.environment:checking '/home/eunseop/nrs_act/behavior_ws/install/vive_tracker_ros2/bin'
[3.137s] Level 1:colcon.colcon_core.environment:checking '/home/eunseop/nrs_act/behavior_ws/install/vive_tracker_ros2/lib/pkgconfig/vive_tracker_ros2.pc'
[3.137s] Level 1:colcon.colcon_core.environment:checking '/home/eunseop/nrs_act/behavior_ws/install/vive_tracker_ros2/lib/python3.10/site-packages'
[3.137s] Level 1:colcon.colcon_core.shell:create_environment_hook('vive_tracker_ros2', 'pythonpath')
[3.137s] INFO:colcon.colcon_core.shell:Creating environment hook '/home/eunseop/nrs_act/behavior_ws/install/vive_tracker_ros2/share/vive_tracker_ros2/hook/pythonpath.ps1'
[3.137s] INFO:colcon.colcon_core.shell:Creating environment descriptor '/home/eunseop/nrs_act/behavior_ws/install/vive_tracker_ros2/share/vive_tracker_ros2/hook/pythonpath.dsv'
[3.137s] INFO:colcon.colcon_core.shell:Creating environment hook '/home/eunseop/nrs_act/behavior_ws/install/vive_tracker_ros2/share/vive_tracker_ros2/hook/pythonpath.sh'
[3.137s] Level 1:colcon.colcon_core.environment:checking '/home/eunseop/nrs_act/behavior_ws/install/vive_tracker_ros2/bin'
[3.137s] Level 1:colcon.colcon_core.environment:create_environment_scripts_only(vive_tracker_ros2)
[3.137s] INFO:colcon.colcon_core.shell:Creating package script '/home/eunseop/nrs_act/behavior_ws/install/vive_tracker_ros2/share/vive_tracker_ros2/package.ps1'
[3.138s] INFO:colcon.colcon_core.shell:Creating package descriptor '/home/eunseop/nrs_act/behavior_ws/install/vive_tracker_ros2/share/vive_tracker_ros2/package.dsv'
[3.138s] INFO:colcon.colcon_core.shell:Creating package script '/home/eunseop/nrs_act/behavior_ws/install/vive_tracker_ros2/share/vive_tracker_ros2/package.sh'
[3.138s] INFO:colcon.colcon_core.shell:Creating package script '/home/eunseop/nrs_act/behavior_ws/install/vive_tracker_ros2/share/vive_tracker_ros2/package.bash'
[3.138s] INFO:colcon.colcon_core.shell:Creating package script '/home/eunseop/nrs_act/behavior_ws/install/vive_tracker_ros2/share/vive_tracker_ros2/package.zsh'
[3.138s] Level 1:colcon.colcon_core.environment:create_file_with_runtime_dependencies(/home/eunseop/nrs_act/behavior_ws/install/vive_tracker_ros2/share/colcon-core/packages/vive_tracker_ros2)
[5.690s] DEBUG:colcon.colcon_core.event_handler.log_command:Invoked command in '/home/eunseop/nrs_act/behavior_ws/build/nrs_ft_aq2' returned '0': CMAKE_PREFIX_PATH=${CMAKE_PREFIX_PATH}:/home/eunseop/dualarm_ws/install/manus_path:/home/eunseop/nrs_ws/install/vive_tracker_ros2:/home/eunseop/nrs_ws/install/nrs_imitation:/home/eunseop/nrs_ws/install/nrs_dlc:/home/eunseop/nrs_ws/install/joint_control:/opt/ros/humble /usr/bin/cmake --build /home/eunseop/nrs_act/behavior_ws/build/nrs_ft_aq2 -- -j16 -l16
[5.691s] DEBUG:colcon.colcon_core.event_handler.log_command:Invoking command in '/home/eunseop/nrs_act/behavior_ws/build/nrs_ft_aq2': CMAKE_PREFIX_PATH=${CMAKE_PREFIX_PATH}:/home/eunseop/dualarm_ws/install/manus_path:/home/eunseop/nrs_ws/install/vive_tracker_ros2:/home/eunseop/nrs_ws/install/nrs_imitation:/home/eunseop/nrs_ws/install/nrs_dlc:/home/eunseop/nrs_ws/install/joint_control:/opt/ros/humble /usr/bin/cmake --install /home/eunseop/nrs_act/behavior_ws/build/nrs_ft_aq2
[5.764s] Level 1:colcon.colcon_core.environment:create_environment_scripts_only(nrs_ft_aq2)
[5.764s] Level 1:colcon.colcon_core.environment:checking '/home/eunseop/nrs_act/behavior_ws/install/nrs_ft_aq2' for CMake module files
[5.764s] DEBUG:colcon.colcon_core.event_handler.log_command:Invoked command in '/home/eunseop/nrs_act/behavior_ws/build/nrs_ft_aq2' returned '0': CMAKE_PREFIX_PATH=${CMAKE_PREFIX_PATH}:/home/eunseop/dualarm_ws/install/manus_path:/home/eunseop/nrs_ws/install/vive_tracker_ros2:/home/eunseop/nrs_ws/install/nrs_imitation:/home/eunseop/nrs_ws/install/nrs_dlc:/home/eunseop/nrs_ws/install/joint_control:/opt/ros/humble /usr/bin/cmake --install /home/eunseop/nrs_act/behavior_ws/build/nrs_ft_aq2
[5.764s] Level 1:colcon.colcon_core.environment:checking '/home/eunseop/nrs_act/behavior_ws/install/nrs_ft_aq2' for CMake config files
[5.765s] Level 1:colcon.colcon_core.shell:create_environment_hook('nrs_ft_aq2', 'cmake_prefix_path')
[5.765s] INFO:colcon.colcon_core.shell:Creating environment hook '/home/eunseop/nrs_act/behavior_ws/install/nrs_ft_aq2/share/nrs_ft_aq2/hook/cmake_prefix_path.ps1'
[5.765s] INFO:colcon.colcon_core.shell:Creating environment descriptor '/home/eunseop/nrs_act/behavior_ws/install/nrs_ft_aq2/share/nrs_ft_aq2/hook/cmake_prefix_path.dsv'
[5.765s] INFO:colcon.colcon_core.shell:Creating environment hook '/home/eunseop/nrs_act/behavior_ws/install/nrs_ft_aq2/share/nrs_ft_aq2/hook/cmake_prefix_path.sh'
[5.765s] Level 1:colcon.colcon_core.environment:checking '/home/eunseop/nrs_act/behavior_ws/install/nrs_ft_aq2/lib'
[5.765s] Level 1:colcon.colcon_core.environment:checking '/home/eunseop/nrs_act/behavior_ws/install/nrs_ft_aq2/bin'
[5.765s] Level 1:colcon.colcon_core.environment:checking '/home/eunseop/nrs_act/behavior_ws/install/nrs_ft_aq2/lib/pkgconfig/nrs_ft_aq2.pc'
[5.765s] Level 1:colcon.colcon_core.environment:checking '/home/eunseop/nrs_act/behavior_ws/install/nrs_ft_aq2/lib/python3.10/site-packages'
[5.766s] Level 1:colcon.colcon_core.environment:checking '/home/eunseop/nrs_act/behavior_ws/install/nrs_ft_aq2/bin'
[5.766s] INFO:colcon.colcon_core.shell:Creating package script '/home/eunseop/nrs_act/behavior_ws/install/nrs_ft_aq2/share/nrs_ft_aq2/package.ps1'
[5.766s] INFO:colcon.colcon_core.shell:Creating package descriptor '/home/eunseop/nrs_act/behavior_ws/install/nrs_ft_aq2/share/nrs_ft_aq2/package.dsv'
[5.766s] INFO:colcon.colcon_core.shell:Creating package script '/home/eunseop/nrs_act/behavior_ws/install/nrs_ft_aq2/share/nrs_ft_aq2/package.sh'
[5.766s] INFO:colcon.colcon_core.shell:Creating package script '/home/eunseop/nrs_act/behavior_ws/install/nrs_ft_aq2/share/nrs_ft_aq2/package.bash'
[5.766s] INFO:colcon.colcon_core.shell:Creating package script '/home/eunseop/nrs_act/behavior_ws/install/nrs_ft_aq2/share/nrs_ft_aq2/package.zsh'
[5.766s] Level 1:colcon.colcon_core.environment:create_file_with_runtime_dependencies(/home/eunseop/nrs_act/behavior_ws/install/nrs_ft_aq2/share/colcon-core/packages/nrs_ft_aq2)
[5.766s] Level 1:colcon.colcon_core.environment:create_environment_scripts_only(nrs_ft_aq2)
[5.767s] Level 1:colcon.colcon_core.environment:checking '/home/eunseop/nrs_act/behavior_ws/install/nrs_ft_aq2' for CMake module files
[5.767s] Level 1:colcon.colcon_core.environment:checking '/home/eunseop/nrs_act/behavior_ws/install/nrs_ft_aq2' for CMake config files
[5.767s] Level 1:colcon.colcon_core.shell:create_environment_hook('nrs_ft_aq2', 'cmake_prefix_path')
[5.767s] INFO:colcon.colcon_core.shell:Creating environment hook '/home/eunseop/nrs_act/behavior_ws/install/nrs_ft_aq2/share/nrs_ft_aq2/hook/cmake_prefix_path.ps1'
[5.767s] INFO:colcon.colcon_core.shell:Creating environment descriptor '/home/eunseop/nrs_act/behavior_ws/install/nrs_ft_aq2/share/nrs_ft_aq2/hook/cmake_prefix_path.dsv'
[5.767s] INFO:colcon.colcon_core.shell:Creating environment hook '/home/eunseop/nrs_act/behavior_ws/install/nrs_ft_aq2/share/nrs_ft_aq2/hook/cmake_prefix_path.sh'
[5.767s] Level 1:colcon.colcon_core.environment:checking '/home/eunseop/nrs_act/behavior_ws/install/nrs_ft_aq2/lib'
[5.767s] Level 1:colcon.colcon_core.environment:checking '/home/eunseop/nrs_act/behavior_ws/install/nrs_ft_aq2/bin'
[5.767s] Level 1:colcon.colcon_core.environment:checking '/home/eunseop/nrs_act/behavior_ws/install/nrs_ft_aq2/lib/pkgconfig/nrs_ft_aq2.pc'
[5.767s] Level 1:colcon.colcon_core.environment:checking '/home/eunseop/nrs_act/behavior_ws/install/nrs_ft_aq2/lib/python3.10/site-packages'
[5.768s] Level 1:colcon.colcon_core.environment:checking '/home/eunseop/nrs_act/behavior_ws/install/nrs_ft_aq2/bin'
[5.768s] INFO:colcon.colcon_core.shell:Creating package script '/home/eunseop/nrs_act/behavior_ws/install/nrs_ft_aq2/share/nrs_ft_aq2/package.ps1'
[5.768s] INFO:colcon.colcon_core.shell:Creating package descriptor '/home/eunseop/nrs_act/behavior_ws/install/nrs_ft_aq2/share/nrs_ft_aq2/package.dsv'
[5.768s] INFO:colcon.colcon_core.shell:Creating package script '/home/eunseop/nrs_act/behavior_ws/install/nrs_ft_aq2/share/nrs_ft_aq2/package.sh'
[5.768s] INFO:colcon.colcon_core.shell:Creating package script '/home/eunseop/nrs_act/behavior_ws/install/nrs_ft_aq2/share/nrs_ft_aq2/package.bash'
[5.768s] INFO:colcon.colcon_core.shell:Creating package script '/home/eunseop/nrs_act/behavior_ws/install/nrs_ft_aq2/share/nrs_ft_aq2/package.zsh'
[5.768s] Level 1:colcon.colcon_core.environment:create_file_with_runtime_dependencies(/home/eunseop/nrs_act/behavior_ws/install/nrs_ft_aq2/share/colcon-core/packages/nrs_ft_aq2)
[17.187s] DEBUG:colcon.colcon_core.event_handler.log_command:Invoked command in '/home/eunseop/nrs_act/behavior_ws/build/vr_calibration' returned '0': CMAKE_PREFIX_PATH=${CMAKE_PREFIX_PATH}:/home/eunseop/dualarm_ws/install/manus_path:/home/eunseop/nrs_ws/install/vive_tracker_ros2:/home/eunseop/nrs_ws/install/nrs_imitation:/home/eunseop/nrs_ws/install/nrs_dlc:/home/eunseop/nrs_ws/install/joint_control:/opt/ros/humble /usr/bin/cmake --build /home/eunseop/nrs_act/behavior_ws/build/vr_calibration -- -j16 -l16
[17.187s] DEBUG:colcon.colcon_core.event_handler.log_command:Invoking command in '/home/eunseop/nrs_act/behavior_ws/build/vr_calibration': CMAKE_PREFIX_PATH=${CMAKE_PREFIX_PATH}:/home/eunseop/dualarm_ws/install/manus_path:/home/eunseop/nrs_ws/install/vive_tracker_ros2:/home/eunseop/nrs_ws/install/nrs_imitation:/home/eunseop/nrs_ws/install/nrs_dlc:/home/eunseop/nrs_ws/install/joint_control:/opt/ros/humble /usr/bin/cmake --install /home/eunseop/nrs_act/behavior_ws/build/vr_calibration
[17.255s] Level 1:colcon.colcon_core.environment:create_environment_scripts_only(vr_calibration)
[17.255s] Level 1:colcon.colcon_core.environment:checking '/home/eunseop/nrs_act/behavior_ws/install/vr_calibration' for CMake module files
[17.256s] DEBUG:colcon.colcon_core.event_handler.log_command:Invoked command in '/home/eunseop/nrs_act/behavior_ws/build/vr_calibration' returned '0': CMAKE_PREFIX_PATH=${CMAKE_PREFIX_PATH}:/home/eunseop/dualarm_ws/install/manus_path:/home/eunseop/nrs_ws/install/vive_tracker_ros2:/home/eunseop/nrs_ws/install/nrs_imitation:/home/eunseop/nrs_ws/install/nrs_dlc:/home/eunseop/nrs_ws/install/joint_control:/opt/ros/humble /usr/bin/cmake --install /home/eunseop/nrs_act/behavior_ws/build/vr_calibration
[17.256s] Level 1:colcon.colcon_core.environment:checking '/home/eunseop/nrs_act/behavior_ws/install/vr_calibration' for CMake config files
[17.256s] Level 1:colcon.colcon_core.shell:create_environment_hook('vr_calibration', 'cmake_prefix_path')
[17.256s] INFO:colcon.colcon_core.shell:Creating environment hook '/home/eunseop/nrs_act/behavior_ws/install/vr_calibration/share/vr_calibration/hook/cmake_prefix_path.ps1'
[17.256s] INFO:colcon.colcon_core.shell:Creating environment descriptor '/home/eunseop/nrs_act/behavior_ws/install/vr_calibration/share/vr_calibration/hook/cmake_prefix_path.dsv'
[17.256s] INFO:colcon.colcon_core.shell:Creating environment hook '/home/eunseop/nrs_act/behavior_ws/install/vr_calibration/share/vr_calibration/hook/cmake_prefix_path.sh'
[17.256s] Level 1:colcon.colcon_core.environment:checking '/home/eunseop/nrs_act/behavior_ws/install/vr_calibration/lib'
[17.256s] Level 1:colcon.colcon_core.environment:checking '/home/eunseop/nrs_act/behavior_ws/install/vr_calibration/bin'
[17.256s] Level 1:colcon.colcon_core.environment:checking '/home/eunseop/nrs_act/behavior_ws/install/vr_calibration/lib/pkgconfig/vr_calibration.pc'
[17.257s] Level 1:colcon.colcon_core.environment:checking '/home/eunseop/nrs_act/behavior_ws/install/vr_calibration/lib/python3.10/site-packages'
[17.257s] Level 1:colcon.colcon_core.environment:checking '/home/eunseop/nrs_act/behavior_ws/install/vr_calibration/bin'
[17.257s] INFO:colcon.colcon_core.shell:Creating package script '/home/eunseop/nrs_act/behavior_ws/install/vr_calibration/share/vr_calibration/package.ps1'
[17.257s] INFO:colcon.colcon_core.shell:Creating package descriptor '/home/eunseop/nrs_act/behavior_ws/install/vr_calibration/share/vr_calibration/package.dsv'
[17.257s] INFO:colcon.colcon_core.shell:Creating package script '/home/eunseop/nrs_act/behavior_ws/install/vr_calibration/share/vr_calibration/package.sh'
[17.257s] INFO:colcon.colcon_core.shell:Creating package script '/home/eunseop/nrs_act/behavior_ws/install/vr_calibration/share/vr_calibration/package.bash'
[17.257s] INFO:colcon.colcon_core.shell:Creating package script '/home/eunseop/nrs_act/behavior_ws/install/vr_calibration/share/vr_calibration/package.zsh'
[17.257s] Level 1:colcon.colcon_core.environment:create_file_with_runtime_dependencies(/home/eunseop/nrs_act/behavior_ws/install/vr_calibration/share/colcon-core/packages/vr_calibration)
[17.258s] Level 1:colcon.colcon_core.environment:create_environment_scripts_only(vr_calibration)
[17.258s] Level 1:colcon.colcon_core.environment:checking '/home/eunseop/nrs_act/behavior_ws/install/vr_calibration' for CMake module files
[17.258s] Level 1:colcon.colcon_core.environment:checking '/home/eunseop/nrs_act/behavior_ws/install/vr_calibration' for CMake config files
[17.258s] Level 1:colcon.colcon_core.shell:create_environment_hook('vr_calibration', 'cmake_prefix_path')
[17.258s] INFO:colcon.colcon_core.shell:Creating environment hook '/home/eunseop/nrs_act/behavior_ws/install/vr_calibration/share/vr_calibration/hook/cmake_prefix_path.ps1'
[17.258s] INFO:colcon.colcon_core.shell:Creating environment descriptor '/home/eunseop/nrs_act/behavior_ws/install/vr_calibration/share/vr_calibration/hook/cmake_prefix_path.dsv'
[17.258s] INFO:colcon.colcon_core.shell:Creating environment hook '/home/eunseop/nrs_act/behavior_ws/install/vr_calibration/share/vr_calibration/hook/cmake_prefix_path.sh'
[17.259s] Level 1:colcon.colcon_core.environment:checking '/home/eunseop/nrs_act/behavior_ws/install/vr_calibration/lib'
[17.259s] Level 1:colcon.colcon_core.environment:checking '/home/eunseop/nrs_act/behavior_ws/install/vr_calibration/bin'
[17.259s] Level 1:colcon.colcon_core.environment:checking '/home/eunseop/nrs_act/behavior_ws/install/vr_calibration/lib/pkgconfig/vr_calibration.pc'
[17.259s] Level 1:colcon.colcon_core.environment:checking '/home/eunseop/nrs_act/behavior_ws/install/vr_calibration/lib/python3.10/site-packages'
[17.259s] Level 1:colcon.colcon_core.environment:checking '/home/eunseop/nrs_act/behavior_ws/install/vr_calibration/bin'
[17.259s] INFO:colcon.colcon_core.shell:Creating package script '/home/eunseop/nrs_act/behavior_ws/install/vr_calibration/share/vr_calibration/package.ps1'
[17.259s] INFO:colcon.colcon_core.shell:Creating package descriptor '/home/eunseop/nrs_act/behavior_ws/install/vr_calibration/share/vr_calibration/package.dsv'
[17.259s] INFO:colcon.colcon_core.shell:Creating package script '/home/eunseop/nrs_act/behavior_ws/install/vr_calibration/share/vr_calibration/package.sh'
[17.259s] INFO:colcon.colcon_core.shell:Creating package script '/home/eunseop/nrs_act/behavior_ws/install/vr_calibration/share/vr_calibration/package.bash'
[17.260s] INFO:colcon.colcon_core.shell:Creating package script '/home/eunseop/nrs_act/behavior_ws/install/vr_calibration/share/vr_calibration/package.zsh'
[17.260s] Level 1:colcon.colcon_core.environment:create_file_with_runtime_dependencies(/home/eunseop/nrs_act/behavior_ws/install/vr_calibration/share/colcon-core/packages/vr_calibration)
[17.260s] DEBUG:colcon.colcon_parallel_executor.executor.parallel:closing loop
[17.260s] DEBUG:colcon.colcon_parallel_executor.executor.parallel:loop closed
[17.260s] DEBUG:colcon.colcon_parallel_executor.executor.parallel:run_until_complete finished with '0'
[17.260s] DEBUG:colcon.colcon_core.event_reactor:joining thread
[17.264s] INFO:colcon.colcon_core.plugin_system:Skipping extension 'colcon_notification.desktop_notification.terminal_notifier': Not used on non-Darwin systems
[17.264s] INFO:colcon.colcon_core.plugin_system:Skipping extension 'colcon_notification.desktop_notification.win32': Not used on non-Windows systems
[17.264s] INFO:colcon.colcon_notification.desktop_notification:Sending desktop notification using 'notify2'
[17.270s] DEBUG:colcon.colcon_core.event_reactor:joined thread
[17.270s] INFO:colcon.colcon_core.shell:Creating prefix script '/home/eunseop/nrs_act/behavior_ws/install/local_setup.ps1'
[17.271s] INFO:colcon.colcon_core.shell:Creating prefix util module '/home/eunseop/nrs_act/behavior_ws/install/_local_setup_util_ps1.py'
[17.271s] INFO:colcon.colcon_core.shell:Creating prefix chain script '/home/eunseop/nrs_act/behavior_ws/install/setup.ps1'
[17.272s] INFO:colcon.colcon_core.shell:Creating prefix script '/home/eunseop/nrs_act/behavior_ws/install/local_setup.sh'
[17.272s] INFO:colcon.colcon_core.shell:Creating prefix util module '/home/eunseop/nrs_act/behavior_ws/install/_local_setup_util_sh.py'
[17.272s] INFO:colcon.colcon_core.shell:Creating prefix chain script '/home/eunseop/nrs_act/behavior_ws/install/setup.sh'
[17.273s] INFO:colcon.colcon_core.shell:Creating prefix script '/home/eunseop/nrs_act/behavior_ws/install/local_setup.bash'
[17.274s] INFO:colcon.colcon_core.shell:Creating prefix chain script '/home/eunseop/nrs_act/behavior_ws/install/setup.bash'
[17.274s] INFO:colcon.colcon_core.shell:Creating prefix script '/home/eunseop/nrs_act/behavior_ws/install/local_setup.zsh'
[17.275s] INFO:colcon.colcon_core.shell:Creating prefix chain script '/home/eunseop/nrs_act/behavior_ws/install/setup.zsh'
