[35m[1mConsolidate compiler generated dependencies of target can_sender_node[0m
[35m[1mConsolidate compiler generated dependencies of target ft_lib[0m
[ 22%] Built target can_sender_node
[ 77%] Built target ft_lib
[35m[1mConsolidate compiler generated dependencies of target ft_aq_main_node[0m
[100%] Built target ft_aq_main_node
-- Install configuration: ""
-- Execute custom install script
-- Up-to-date symlink: /home/eunseop/nrs_act/behavior_ws/install/nrs_ft_aq2/lib/nrs_ft_aq2/libft_lib.a
-- Up-to-date symlink: /home/eunseop/nrs_act/behavior_ws/install/nrs_ft_aq2/lib/nrs_ft_aq2/can_sender_node
-- Up-to-date symlink: /home/eunseop/nrs_act/behavior_ws/install/nrs_ft_aq2/lib/nrs_ft_aq2/ft_aq_main_node
-- Up-to-date symlink: /home/eunseop/nrs_act/behavior_ws/install/nrs_ft_aq2/share/nrs_ft_aq2/launch/nrs_ft_aq.launch.py
-- Up-to-date symlink: /home/eunseop/nrs_act/behavior_ws/install/nrs_ft_aq2/share/nrs_ft_aq2/launch/nrsvr_ft_aq.launch.py
-- Up-to-date symlink: /home/eunseop/nrs_act/behavior_ws/install/nrs_ft_aq2/share/nrs_ft_aq2/config/VR_config.yaml
-- Up-to-date symlink: /home/eunseop/nrs_act/behavior_ws/install/nrs_ft_aq2/share/nrs_ft_aq2/config/config.yaml
-- Up-to-date symlink: /home/eunseop/nrs_act/behavior_ws/install/nrs_ft_aq2/share/ament_index/resource_index/package_run_dependencies/nrs_ft_aq2
-- Up-to-date symlink: /home/eunseop/nrs_act/behavior_ws/install/nrs_ft_aq2/share/ament_index/resource_index/parent_prefix_path/nrs_ft_aq2
-- Up-to-date symlink: /home/eunseop/nrs_act/behavior_ws/install/nrs_ft_aq2/share/nrs_ft_aq2/environment/ament_prefix_path.sh
-- Up-to-date symlink: /home/eunseop/nrs_act/behavior_ws/install/nrs_ft_aq2/share/nrs_ft_aq2/environment/ament_prefix_path.dsv
-- Up-to-date symlink: /home/eunseop/nrs_act/behavior_ws/install/nrs_ft_aq2/share/nrs_ft_aq2/environment/path.sh
-- Up-to-date symlink: /home/eunseop/nrs_act/behavior_ws/install/nrs_ft_aq2/share/nrs_ft_aq2/environment/path.dsv
-- Up-to-date symlink: /home/eunseop/nrs_act/behavior_ws/install/nrs_ft_aq2/share/nrs_ft_aq2/local_setup.bash
-- Up-to-date symlink: /home/eunseop/nrs_act/behavior_ws/install/nrs_ft_aq2/share/nrs_ft_aq2/local_setup.sh
-- Up-to-date symlink: /home/eunseop/nrs_act/behavior_ws/install/nrs_ft_aq2/share/nrs_ft_aq2/local_setup.zsh
-- Up-to-date symlink: /home/eunseop/nrs_act/behavior_ws/install/nrs_ft_aq2/share/nrs_ft_aq2/local_setup.dsv
-- Symlinking: /home/eunseop/nrs_act/behavior_ws/install/nrs_ft_aq2/share/nrs_ft_aq2/package.dsv
-- Up-to-date symlink: /home/eunseop/nrs_act/behavior_ws/install/nrs_ft_aq2/share/ament_index/resource_index/packages/nrs_ft_aq2
-- Up-to-date symlink: /home/eunseop/nrs_act/behavior_ws/install/nrs_ft_aq2/share/nrs_ft_aq2/cmake/nrs_ft_aq2Config.cmake
-- Up-to-date symlink: /home/eunseop/nrs_act/behavior_ws/install/nrs_ft_aq2/share/nrs_ft_aq2/cmake/nrs_ft_aq2Config-version.cmake
-- Up-to-date symlink: /home/eunseop/nrs_act/behavior_ws/install/nrs_ft_aq2/share/nrs_ft_aq2/package.xml
-- Up-to-date: /home/eunseop/nrs_act/behavior_ws/install/nrs_ft_aq2/include/nrs_ft_aq2
-- Up-to-date: /home/eunseop/nrs_act/behavior_ws/install/nrs_ft_aq2/include/nrs_ft_aq2/CAN_sender.hpp
-- Up-to-date: /home/eunseop/nrs_act/behavior_ws/install/nrs_ft_aq2/include/nrs_ft_aq2/nrs_filter_applied.hpp
-- Up-to-date: /home/eunseop/nrs_act/behavior_ws/install/nrs_ft_aq2/include/nrs_ft_aq2/nrs_filter_core.hpp
-- Up-to-date: /home/eunseop/nrs_act/behavior_ws/install/nrs_ft_aq2/include/nrs_ft_aq2/.vscode
-- Up-to-date: /home/eunseop/nrs_act/behavior_ws/install/nrs_ft_aq2/include/nrs_ft_aq2/FT_Processing.hpp
-- Up-to-date: /home/eunseop/nrs_act/behavior_ws/install/nrs_ft_aq2/include/nrs_ft_aq2/CAN_reader.hpp
