[0.011s] Invoking command in '/home/eunseop/nrs_act/behavior_ws/build/vive_tracker_interfaces': CMAKE_PREFIX_PATH=${CMAKE_PREFIX_PATH}:/home/eunseop/dualarm_ws/install/manus_path:/home/eunseop/nrs_ws/install/vive_tracker_ros2:/home/eunseop/nrs_ws/install/nrs_imitation:/home/eunseop/nrs_ws/install/nrs_dlc:/home/eunseop/nrs_ws/install/joint_control:/opt/ros/humble /usr/bin/cmake --build /home/eunseop/nrs_act/behavior_ws/build/vive_tracker_interfaces -- -j16 -l16
[0.136s] [35m[1mConsolidate compiler generated dependencies of target vive_tracker_interfaces__rosidl_generator_c[0m
[0.136s] [  3%] Built target vive_tracker_interfaces__cpp
[0.136s] [ 12%] Built target vive_tracker_interfaces__rosidl_generator_c
[0.136s] [ 12%] Built target ament_cmake_python_symlink_vive_tracker_interfaces
[0.137s] [35m[1mConsolidate compiler generated dependencies of target vive_tracker_interfaces__rosidl_typesupport_cpp[0m
[0.137s] [35m[1mConsolidate compiler generated dependencies of target vive_tracker_interfaces__rosidl_typesupport_fastrtps_cpp[0m
[0.137s] [35m[1mConsolidate compiler generated dependencies of target vive_tracker_interfaces__rosidl_typesupport_introspection_cpp[0m
[0.137s] [35m[1mConsolidate compiler generated dependencies of target vive_tracker_interfaces__rosidl_typesupport_introspection_c[0m
[0.137s] [35m[1mConsolidate compiler generated dependencies of target vive_tracker_interfaces__rosidl_typesupport_fastrtps_c[0m
[0.137s] [35m[1mConsolidate compiler generated dependencies of target vive_tracker_interfaces__rosidl_typesupport_c[0m
[0.137s] [ 22%] Built target vive_tracker_interfaces__rosidl_typesupport_cpp
[0.137s] [ 32%] Built target vive_tracker_interfaces__rosidl_typesupport_introspection_cpp
[0.137s] [ 41%] Built target vive_tracker_interfaces__rosidl_typesupport_fastrtps_cpp
[0.137s] [ 51%] Built target vive_tracker_interfaces__rosidl_typesupport_introspection_c
[0.137s] [ 61%] Built target vive_tracker_interfaces__rosidl_typesupport_fastrtps_c
[0.137s] [ 70%] Built target vive_tracker_interfaces__rosidl_typesupport_c
[0.137s] [ 70%] Built target vive_tracker_interfaces
[0.137s] [ 74%] Built target vive_tracker_interfaces__py
[0.137s] [35m[1mConsolidate compiler generated dependencies of target vive_tracker_interfaces__rosidl_generator_py[0m
[0.137s] [ 80%] Built target vive_tracker_interfaces__rosidl_generator_py
[0.137s] [35m[1mConsolidate compiler generated dependencies of target vive_tracker_interfaces__rosidl_typesupport_introspection_c__pyext[0m
[0.137s] [35m[1mConsolidate compiler generated dependencies of target vive_tracker_interfaces__rosidl_typesupport_fastrtps_c__pyext[0m
[0.137s] [35m[1mConsolidate compiler generated dependencies of target vive_tracker_interfaces__rosidl_typesupport_c__pyext[0m
[0.137s] [ 96%] Built target vive_tracker_interfaces__rosidl_typesupport_fastrtps_c__pyext
[0.137s] [ 96%] Built target vive_tracker_interfaces__rosidl_typesupport_c__pyext
[0.137s] [100%] Built target vive_tracker_interfaces__rosidl_typesupport_introspection_c__pyext
[0.147s] running egg_info
[0.147s] writing vive_tracker_interfaces.egg-info/PKG-INFO
[0.147s] writing dependency_links to vive_tracker_interfaces.egg-info/dependency_links.txt
[0.147s] writing top-level names to vive_tracker_interfaces.egg-info/top_level.txt
[0.148s] reading manifest file 'vive_tracker_interfaces.egg-info/SOURCES.txt'
[0.148s] writing manifest file 'vive_tracker_interfaces.egg-info/SOURCES.txt'
[0.164s] [100%] Built target ament_cmake_python_build_vive_tracker_interfaces_egg
[0.169s] Invoked command in '/home/eunseop/nrs_act/behavior_ws/build/vive_tracker_interfaces' returned '0': CMAKE_PREFIX_PATH=${CMAKE_PREFIX_PATH}:/home/eunseop/dualarm_ws/install/manus_path:/home/eunseop/nrs_ws/install/vive_tracker_ros2:/home/eunseop/nrs_ws/install/nrs_imitation:/home/eunseop/nrs_ws/install/nrs_dlc:/home/eunseop/nrs_ws/install/joint_control:/opt/ros/humble /usr/bin/cmake --build /home/eunseop/nrs_act/behavior_ws/build/vive_tracker_interfaces -- -j16 -l16
[0.169s] Invoking command in '/home/eunseop/nrs_act/behavior_ws/build/vive_tracker_interfaces': CMAKE_PREFIX_PATH=${CMAKE_PREFIX_PATH}:/home/eunseop/dualarm_ws/install/manus_path:/home/eunseop/nrs_ws/install/vive_tracker_ros2:/home/eunseop/nrs_ws/install/nrs_imitation:/home/eunseop/nrs_ws/install/nrs_dlc:/home/eunseop/nrs_ws/install/joint_control:/opt/ros/humble /usr/bin/cmake --install /home/eunseop/nrs_act/behavior_ws/build/vive_tracker_interfaces
[0.173s] -- Install configuration: ""
[0.173s] -- Execute custom install script
[0.173s] -- Up-to-date symlink: /home/eunseop/nrs_act/behavior_ws/install/vive_tracker_interfaces/share/ament_index/resource_index/rosidl_interfaces/vive_tracker_interfaces
[0.173s] -- Up-to-date symlink: /home/eunseop/nrs_act/behavior_ws/install/vive_tracker_interfaces/include/vive_tracker_interfaces/vive_tracker_interfaces/msg/rosidl_generator_c__visibility_control.h
[0.173s] -- Up-to-date symlink: /home/eunseop/nrs_act/behavior_ws/install/vive_tracker_interfaces/include/vive_tracker_interfaces/vive_tracker_interfaces/srv/detail/vive_calibration__functions.h
[0.173s] -- Up-to-date symlink: /home/eunseop/nrs_act/behavior_ws/install/vive_tracker_interfaces/include/vive_tracker_interfaces/vive_tracker_interfaces/srv/detail/vive_calibration__struct.h
[0.173s] -- Up-to-date symlink: /home/eunseop/nrs_act/behavior_ws/install/vive_tracker_interfaces/include/vive_tracker_interfaces/vive_tracker_interfaces/srv/detail/vive_calibration__type_support.h
[0.173s] -- Up-to-date symlink: /home/eunseop/nrs_act/behavior_ws/install/vive_tracker_interfaces/include/vive_tracker_interfaces/vive_tracker_interfaces/srv/vive_calibration.h
[0.173s] -- Up-to-date symlink: /home/eunseop/nrs_act/behavior_ws/install/vive_tracker_interfaces/share/vive_tracker_interfaces/environment/library_path.sh
[0.173s] -- Up-to-date symlink: /home/eunseop/nrs_act/behavior_ws/install/vive_tracker_interfaces/share/vive_tracker_interfaces/environment/library_path.dsv
[0.174s] -- Up-to-date symlink: /home/eunseop/nrs_act/behavior_ws/install/vive_tracker_interfaces/include/vive_tracker_interfaces/vive_tracker_interfaces/msg/rosidl_typesupport_fastrtps_c__visibility_control.h
[0.174s] -- Up-to-date symlink: /home/eunseop/nrs_act/behavior_ws/install/vive_tracker_interfaces/include/vive_tracker_interfaces/vive_tracker_interfaces/srv/detail/vive_calibration__rosidl_typesupport_fastrtps_c.h
[0.174s] -- Up-to-date symlink: /home/eunseop/nrs_act/behavior_ws/install/vive_tracker_interfaces/include/vive_tracker_interfaces/vive_tracker_interfaces/msg/rosidl_generator_cpp__visibility_control.hpp
[0.174s] -- Up-to-date symlink: /home/eunseop/nrs_act/behavior_ws/install/vive_tracker_interfaces/include/vive_tracker_interfaces/vive_tracker_interfaces/srv/detail/vive_calibration__builder.hpp
[0.174s] -- Up-to-date symlink: /home/eunseop/nrs_act/behavior_ws/install/vive_tracker_interfaces/include/vive_tracker_interfaces/vive_tracker_interfaces/srv/detail/vive_calibration__struct.hpp
[0.174s] -- Up-to-date symlink: /home/eunseop/nrs_act/behavior_ws/install/vive_tracker_interfaces/include/vive_tracker_interfaces/vive_tracker_interfaces/srv/detail/vive_calibration__traits.hpp
[0.174s] -- Up-to-date symlink: /home/eunseop/nrs_act/behavior_ws/install/vive_tracker_interfaces/include/vive_tracker_interfaces/vive_tracker_interfaces/srv/detail/vive_calibration__type_support.hpp
[0.174s] -- Up-to-date symlink: /home/eunseop/nrs_act/behavior_ws/install/vive_tracker_interfaces/include/vive_tracker_interfaces/vive_tracker_interfaces/srv/vive_calibration.hpp
[0.174s] -- Up-to-date symlink: /home/eunseop/nrs_act/behavior_ws/install/vive_tracker_interfaces/include/vive_tracker_interfaces/vive_tracker_interfaces/msg/rosidl_typesupport_fastrtps_cpp__visibility_control.h
[0.174s] -- Up-to-date symlink: /home/eunseop/nrs_act/behavior_ws/install/vive_tracker_interfaces/include/vive_tracker_interfaces/vive_tracker_interfaces/srv/detail/vive_calibration__rosidl_typesupport_fastrtps_cpp.hpp
[0.174s] -- Up-to-date symlink: /home/eunseop/nrs_act/behavior_ws/install/vive_tracker_interfaces/include/vive_tracker_interfaces/vive_tracker_interfaces/msg/rosidl_typesupport_introspection_c__visibility_control.h
[0.174s] -- Up-to-date symlink: /home/eunseop/nrs_act/behavior_ws/install/vive_tracker_interfaces/include/vive_tracker_interfaces/vive_tracker_interfaces/srv/detail/vive_calibration__rosidl_typesupport_introspection_c.h
[0.174s] -- Up-to-date symlink: /home/eunseop/nrs_act/behavior_ws/install/vive_tracker_interfaces/include/vive_tracker_interfaces/vive_tracker_interfaces/srv/detail/vive_calibration__rosidl_typesupport_introspection_cpp.hpp
[0.174s] -- Up-to-date symlink: /home/eunseop/nrs_act/behavior_ws/install/vive_tracker_interfaces/share/vive_tracker_interfaces/environment/pythonpath.sh
[0.174s] -- Up-to-date symlink: /home/eunseop/nrs_act/behavior_ws/install/vive_tracker_interfaces/share/vive_tracker_interfaces/environment/pythonpath.dsv
[0.174s] -- Up-to-date symlink: /home/eunseop/nrs_act/behavior_ws/install/vive_tracker_interfaces/local/lib/python3.10/dist-packages/vive_tracker_interfaces-0.0.0-py3.10.egg-info/PKG-INFO
[0.174s] -- Up-to-date symlink: /home/eunseop/nrs_act/behavior_ws/install/vive_tracker_interfaces/local/lib/python3.10/dist-packages/vive_tracker_interfaces-0.0.0-py3.10.egg-info/SOURCES.txt
[0.175s] -- Up-to-date symlink: /home/eunseop/nrs_act/behavior_ws/install/vive_tracker_interfaces/local/lib/python3.10/dist-packages/vive_tracker_interfaces-0.0.0-py3.10.egg-info/dependency_links.txt
[0.175s] -- Up-to-date symlink: /home/eunseop/nrs_act/behavior_ws/install/vive_tracker_interfaces/local/lib/python3.10/dist-packages/vive_tracker_interfaces-0.0.0-py3.10.egg-info/top_level.txt
[0.175s] -- Up-to-date symlink: /home/eunseop/nrs_act/behavior_ws/install/vive_tracker_interfaces/local/lib/python3.10/dist-packages/vive_tracker_interfaces/__init__.py
[0.175s] -- Up-to-date symlink: /home/eunseop/nrs_act/behavior_ws/install/vive_tracker_interfaces/local/lib/python3.10/dist-packages/vive_tracker_interfaces/_vive_tracker_interfaces_s.ep.rosidl_typesupport_c.c
[0.175s] -- Up-to-date symlink: /home/eunseop/nrs_act/behavior_ws/install/vive_tracker_interfaces/local/lib/python3.10/dist-packages/vive_tracker_interfaces/_vive_tracker_interfaces_s.ep.rosidl_typesupport_fastrtps_c.c
[0.175s] -- Up-to-date symlink: /home/eunseop/nrs_act/behavior_ws/install/vive_tracker_interfaces/local/lib/python3.10/dist-packages/vive_tracker_interfaces/_vive_tracker_interfaces_s.ep.rosidl_typesupport_introspection_c.c
[0.175s] -- Up-to-date symlink: /home/eunseop/nrs_act/behavior_ws/install/vive_tracker_interfaces/local/lib/python3.10/dist-packages/vive_tracker_interfaces/libvive_tracker_interfaces__rosidl_generator_py.so
[0.175s] -- Up-to-date symlink: /home/eunseop/nrs_act/behavior_ws/install/vive_tracker_interfaces/local/lib/python3.10/dist-packages/vive_tracker_interfaces/srv/__init__.py
[0.175s] -- Up-to-date symlink: /home/eunseop/nrs_act/behavior_ws/install/vive_tracker_interfaces/local/lib/python3.10/dist-packages/vive_tracker_interfaces/srv/_vive_calibration.py
[0.175s] -- Up-to-date symlink: /home/eunseop/nrs_act/behavior_ws/install/vive_tracker_interfaces/local/lib/python3.10/dist-packages/vive_tracker_interfaces/srv/_vive_calibration_s.c
[0.175s] -- Up-to-date symlink: /home/eunseop/nrs_act/behavior_ws/install/vive_tracker_interfaces/local/lib/python3.10/dist-packages/vive_tracker_interfaces/vive_tracker_interfaces_s__rosidl_typesupport_c.cpython-310-x86_64-linux-gnu.so
[0.175s] -- Up-to-date symlink: /home/eunseop/nrs_act/behavior_ws/install/vive_tracker_interfaces/local/lib/python3.10/dist-packages/vive_tracker_interfaces/vive_tracker_interfaces_s__rosidl_typesupport_fastrtps_c.cpython-310-x86_64-linux-gnu.so
[0.175s] -- Up-to-date symlink: /home/eunseop/nrs_act/behavior_ws/install/vive_tracker_interfaces/local/lib/python3.10/dist-packages/vive_tracker_interfaces/vive_tracker_interfaces_s__rosidl_typesupport_introspection_c.cpython-310-x86_64-linux-gnu.so
[0.175s] -- Up-to-date symlink: /home/eunseop/nrs_act/behavior_ws/install/vive_tracker_interfaces/local/lib/python3.10/dist-packages/vive_tracker_interfaces/vive_tracker_interfaces_s__rosidl_typesupport_fastrtps_c.cpython-310-x86_64-linux-gnu.so
[0.175s] -- Up-to-date symlink: /home/eunseop/nrs_act/behavior_ws/install/vive_tracker_interfaces/local/lib/python3.10/dist-packages/vive_tracker_interfaces/vive_tracker_interfaces_s__rosidl_typesupport_introspection_c.cpython-310-x86_64-linux-gnu.so
[0.175s] -- Up-to-date symlink: /home/eunseop/nrs_act/behavior_ws/install/vive_tracker_interfaces/local/lib/python3.10/dist-packages/vive_tracker_interfaces/vive_tracker_interfaces_s__rosidl_typesupport_c.cpython-310-x86_64-linux-gnu.so
[0.175s] -- Up-to-date symlink: /home/eunseop/nrs_act/behavior_ws/install/vive_tracker_interfaces/share/vive_tracker_interfaces/srv/ViveCalibration.idl
[0.175s] -- Up-to-date symlink: /home/eunseop/nrs_act/behavior_ws/install/vive_tracker_interfaces/share/vive_tracker_interfaces/srv/ViveCalibration.srv
[0.175s] -- Up-to-date symlink: /home/eunseop/nrs_act/behavior_ws/install/vive_tracker_interfaces/share/vive_tracker_interfaces/srv/ViveCalibration_Request.msg
[0.175s] -- Up-to-date symlink: /home/eunseop/nrs_act/behavior_ws/install/vive_tracker_interfaces/share/vive_tracker_interfaces/srv/ViveCalibration_Response.msg
[0.176s] -- Up-to-date symlink: /home/eunseop/nrs_act/behavior_ws/install/vive_tracker_interfaces/share/ament_index/resource_index/package_run_dependencies/vive_tracker_interfaces
[0.176s] -- Up-to-date symlink: /home/eunseop/nrs_act/behavior_ws/install/vive_tracker_interfaces/share/ament_index/resource_index/parent_prefix_path/vive_tracker_interfaces
[0.176s] -- Up-to-date symlink: /home/eunseop/nrs_act/behavior_ws/install/vive_tracker_interfaces/share/vive_tracker_interfaces/environment/ament_prefix_path.sh
[0.176s] -- Up-to-date symlink: /home/eunseop/nrs_act/behavior_ws/install/vive_tracker_interfaces/share/vive_tracker_interfaces/environment/ament_prefix_path.dsv
[0.176s] -- Up-to-date symlink: /home/eunseop/nrs_act/behavior_ws/install/vive_tracker_interfaces/share/vive_tracker_interfaces/environment/path.sh
[0.176s] -- Up-to-date symlink: /home/eunseop/nrs_act/behavior_ws/install/vive_tracker_interfaces/share/vive_tracker_interfaces/environment/path.dsv
[0.176s] -- Up-to-date symlink: /home/eunseop/nrs_act/behavior_ws/install/vive_tracker_interfaces/share/vive_tracker_interfaces/local_setup.bash
[0.176s] -- Up-to-date symlink: /home/eunseop/nrs_act/behavior_ws/install/vive_tracker_interfaces/share/vive_tracker_interfaces/local_setup.sh
[0.176s] -- Up-to-date symlink: /home/eunseop/nrs_act/behavior_ws/install/vive_tracker_interfaces/share/vive_tracker_interfaces/local_setup.zsh
[0.176s] -- Up-to-date symlink: /home/eunseop/nrs_act/behavior_ws/install/vive_tracker_interfaces/share/vive_tracker_interfaces/local_setup.dsv
[0.176s] -- Symlinking: /home/eunseop/nrs_act/behavior_ws/install/vive_tracker_interfaces/share/vive_tracker_interfaces/package.dsv
[0.180s] -- Up-to-date symlink: /home/eunseop/nrs_act/behavior_ws/install/vive_tracker_interfaces/share/ament_index/resource_index/packages/vive_tracker_interfaces
[0.180s] -- Up-to-date symlink: /home/eunseop/nrs_act/behavior_ws/install/vive_tracker_interfaces/share/vive_tracker_interfaces/cmake/rosidl_cmake-extras.cmake
[0.180s] -- Up-to-date symlink: /home/eunseop/nrs_act/behavior_ws/install/vive_tracker_interfaces/share/vive_tracker_interfaces/cmake/ament_cmake_export_dependencies-extras.cmake
[0.180s] -- Up-to-date symlink: /home/eunseop/nrs_act/behavior_ws/install/vive_tracker_interfaces/share/vive_tracker_interfaces/cmake/ament_cmake_export_include_directories-extras.cmake
[0.180s] -- Up-to-date symlink: /home/eunseop/nrs_act/behavior_ws/install/vive_tracker_interfaces/share/vive_tracker_interfaces/cmake/ament_cmake_export_libraries-extras.cmake
[0.180s] -- Up-to-date symlink: /home/eunseop/nrs_act/behavior_ws/install/vive_tracker_interfaces/share/vive_tracker_interfaces/cmake/ament_cmake_export_targets-extras.cmake
[0.180s] -- Up-to-date symlink: /home/eunseop/nrs_act/behavior_ws/install/vive_tracker_interfaces/share/vive_tracker_interfaces/cmake/rosidl_cmake_export_typesupport_targets-extras.cmake
[0.180s] -- Up-to-date symlink: /home/eunseop/nrs_act/behavior_ws/install/vive_tracker_interfaces/share/vive_tracker_interfaces/cmake/rosidl_cmake_export_typesupport_libraries-extras.cmake
[0.180s] -- Up-to-date symlink: /home/eunseop/nrs_act/behavior_ws/install/vive_tracker_interfaces/share/vive_tracker_interfaces/cmake/vive_tracker_interfacesConfig.cmake
[0.180s] -- Up-to-date symlink: /home/eunseop/nrs_act/behavior_ws/install/vive_tracker_interfaces/share/vive_tracker_interfaces/cmake/vive_tracker_interfacesConfig-version.cmake
[0.180s] -- Up-to-date symlink: /home/eunseop/nrs_act/behavior_ws/install/vive_tracker_interfaces/share/vive_tracker_interfaces/package.xml
[0.180s] -- Up-to-date: /home/eunseop/nrs_act/behavior_ws/install/vive_tracker_interfaces/lib/libvive_tracker_interfaces__rosidl_generator_c.so
[0.181s] -- Up-to-date: /home/eunseop/nrs_act/behavior_ws/install/vive_tracker_interfaces/lib/libvive_tracker_interfaces__rosidl_typesupport_fastrtps_c.so
[0.181s] -- Up-to-date: /home/eunseop/nrs_act/behavior_ws/install/vive_tracker_interfaces/lib/libvive_tracker_interfaces__rosidl_typesupport_fastrtps_cpp.so
[0.181s] -- Up-to-date: /home/eunseop/nrs_act/behavior_ws/install/vive_tracker_interfaces/lib/libvive_tracker_interfaces__rosidl_typesupport_introspection_c.so
[0.181s] -- Up-to-date: /home/eunseop/nrs_act/behavior_ws/install/vive_tracker_interfaces/lib/libvive_tracker_interfaces__rosidl_typesupport_c.so
[0.181s] -- Up-to-date: /home/eunseop/nrs_act/behavior_ws/install/vive_tracker_interfaces/lib/libvive_tracker_interfaces__rosidl_typesupport_introspection_cpp.so
[0.181s] -- Up-to-date: /home/eunseop/nrs_act/behavior_ws/install/vive_tracker_interfaces/lib/libvive_tracker_interfaces__rosidl_typesupport_cpp.so
[0.199s] Listing '/home/eunseop/nrs_act/behavior_ws/install/vive_tracker_interfaces/local/lib/python3.10/dist-packages/vive_tracker_interfaces'...
[0.199s] Listing '/home/eunseop/nrs_act/behavior_ws/install/vive_tracker_interfaces/local/lib/python3.10/dist-packages/vive_tracker_interfaces/srv'...
[0.201s] -- Up-to-date: /home/eunseop/nrs_act/behavior_ws/install/vive_tracker_interfaces/lib/libvive_tracker_interfaces__rosidl_generator_py.so
[0.201s] -- Up-to-date: /home/eunseop/nrs_act/behavior_ws/install/vive_tracker_interfaces/share/vive_tracker_interfaces/cmake/export_vive_tracker_interfaces__rosidl_generator_cExport.cmake
[0.201s] -- Up-to-date: /home/eunseop/nrs_act/behavior_ws/install/vive_tracker_interfaces/share/vive_tracker_interfaces/cmake/export_vive_tracker_interfaces__rosidl_generator_cExport-noconfig.cmake
[0.201s] -- Up-to-date: /home/eunseop/nrs_act/behavior_ws/install/vive_tracker_interfaces/share/vive_tracker_interfaces/cmake/export_vive_tracker_interfaces__rosidl_typesupport_fastrtps_cExport.cmake
[0.201s] -- Up-to-date: /home/eunseop/nrs_act/behavior_ws/install/vive_tracker_interfaces/share/vive_tracker_interfaces/cmake/export_vive_tracker_interfaces__rosidl_typesupport_fastrtps_cExport-noconfig.cmake
[0.201s] -- Up-to-date: /home/eunseop/nrs_act/behavior_ws/install/vive_tracker_interfaces/share/vive_tracker_interfaces/cmake/export_vive_tracker_interfaces__rosidl_generator_cppExport.cmake
[0.201s] -- Up-to-date: /home/eunseop/nrs_act/behavior_ws/install/vive_tracker_interfaces/share/vive_tracker_interfaces/cmake/export_vive_tracker_interfaces__rosidl_typesupport_fastrtps_cppExport.cmake
[0.201s] -- Up-to-date: /home/eunseop/nrs_act/behavior_ws/install/vive_tracker_interfaces/share/vive_tracker_interfaces/cmake/export_vive_tracker_interfaces__rosidl_typesupport_fastrtps_cppExport-noconfig.cmake
[0.201s] -- Up-to-date: /home/eunseop/nrs_act/behavior_ws/install/vive_tracker_interfaces/share/vive_tracker_interfaces/cmake/vive_tracker_interfaces__rosidl_typesupport_introspection_cExport.cmake
[0.201s] -- Up-to-date: /home/eunseop/nrs_act/behavior_ws/install/vive_tracker_interfaces/share/vive_tracker_interfaces/cmake/vive_tracker_interfaces__rosidl_typesupport_introspection_cExport-noconfig.cmake
[0.201s] -- Up-to-date: /home/eunseop/nrs_act/behavior_ws/install/vive_tracker_interfaces/share/vive_tracker_interfaces/cmake/vive_tracker_interfaces__rosidl_typesupport_cExport.cmake
[0.201s] -- Up-to-date: /home/eunseop/nrs_act/behavior_ws/install/vive_tracker_interfaces/share/vive_tracker_interfaces/cmake/vive_tracker_interfaces__rosidl_typesupport_cExport-noconfig.cmake
[0.201s] -- Up-to-date: /home/eunseop/nrs_act/behavior_ws/install/vive_tracker_interfaces/share/vive_tracker_interfaces/cmake/vive_tracker_interfaces__rosidl_typesupport_introspection_cppExport.cmake
[0.201s] -- Up-to-date: /home/eunseop/nrs_act/behavior_ws/install/vive_tracker_interfaces/share/vive_tracker_interfaces/cmake/vive_tracker_interfaces__rosidl_typesupport_introspection_cppExport-noconfig.cmake
[0.201s] -- Up-to-date: /home/eunseop/nrs_act/behavior_ws/install/vive_tracker_interfaces/share/vive_tracker_interfaces/cmake/vive_tracker_interfaces__rosidl_typesupport_cppExport.cmake
[0.201s] -- Up-to-date: /home/eunseop/nrs_act/behavior_ws/install/vive_tracker_interfaces/share/vive_tracker_interfaces/cmake/vive_tracker_interfaces__rosidl_typesupport_cppExport-noconfig.cmake
[0.201s] -- Up-to-date: /home/eunseop/nrs_act/behavior_ws/install/vive_tracker_interfaces/share/vive_tracker_interfaces/cmake/export_vive_tracker_interfaces__rosidl_generator_pyExport.cmake
[0.201s] -- Up-to-date: /home/eunseop/nrs_act/behavior_ws/install/vive_tracker_interfaces/share/vive_tracker_interfaces/cmake/export_vive_tracker_interfaces__rosidl_generator_pyExport-noconfig.cmake
[0.202s] Invoked command in '/home/eunseop/nrs_act/behavior_ws/build/vive_tracker_interfaces' returned '0': CMAKE_PREFIX_PATH=${CMAKE_PREFIX_PATH}:/home/eunseop/dualarm_ws/install/manus_path:/home/eunseop/nrs_ws/install/vive_tracker_ros2:/home/eunseop/nrs_ws/install/nrs_imitation:/home/eunseop/nrs_ws/install/nrs_dlc:/home/eunseop/nrs_ws/install/joint_control:/opt/ros/humble /usr/bin/cmake --install /home/eunseop/nrs_act/behavior_ws/build/vive_tracker_interfaces
